Flow report for TL
Wed Oct 19 14:28:01 2022
Quartus II 64-Bit Version 13.0.1 Build 232 06/12/2013 Service Pack 1 SJ Web Edition


---------------------
; Table of Contents ;
---------------------
  1. Legal Notice
  2. Flow Summary
  3. Flow Settings
  4. Flow Non-Default Global Settings
  5. Flow Elapsed Time
  6. Flow OS Summary
  7. Flow Log
  8. Flow Messages
  9. Flow Suppressed Messages



----------------
; Legal Notice ;
----------------
Copyright (C) 1991-2013 Altera Corporation
Your use of Altera Corporation's design tools, logic functions 
and other software and tools, and its AMPP partner logic 
functions, and any output files from any of the foregoing 
(including device programming or simulation files), and any 
associated documentation or information are expressly subject 
to the terms and conditions of the Altera Program License 
Subscription Agreement, Altera MegaCore Function License 
Agreement, or other applicable license agreement, including, 
without limitation, that your use is for the sole purpose of 
programming logic devices manufactured by Altera and sold by 
Altera or its authorized distributors.  Please refer to the 
applicable agreement for further details.



+--------------------------------------------------------------------------------------+
; Flow Summary                                                                         ;
+------------------------------------+-------------------------------------------------+
; Flow Status                        ; Successful - Wed Oct 19 14:28:01 2022           ;
; Quartus II 64-Bit Version          ; 13.0.1 Build 232 06/12/2013 SP 1 SJ Web Edition ;
; Revision Name                      ; TL                                              ;
; Top-level Entity Name              ; traffic_light                                   ;
; Family                             ; Cyclone II                                      ;
; Device                             ; EP2C35F672C6                                    ;
; Timing Models                      ; Final                                           ;
; Total logic elements               ; N/A until Partition Merge                       ;
;     Total combinational functions  ; N/A until Partition Merge                       ;
;     Dedicated logic registers      ; N/A until Partition Merge                       ;
; Total registers                    ; N/A until Partition Merge                       ;
; Total pins                         ; N/A until Partition Merge                       ;
; Total virtual pins                 ; N/A until Partition Merge                       ;
; Total memory bits                  ; N/A until Partition Merge                       ;
; Embedded Multiplier 9-bit elements ; N/A until Partition Merge                       ;
; Total PLLs                         ; N/A until Partition Merge                       ;
+------------------------------------+-------------------------------------------------+


+-----------------------------------------+
; Flow Settings                           ;
+-------------------+---------------------+
; Option            ; Setting             ;
+-------------------+---------------------+
; Start date & time ; 10/19/2022 14:08:20 ;
; Main task         ; Compilation         ;
; Revision Name     ; TL                  ;
+-------------------+---------------------+


+----------------------------------------------------------------------------------------------------------------------+
; Flow Non-Default Global Settings                                                                                     ;
+-------------------------------------+-------------------------------+---------------+---------------+----------------+
; Assignment Name                     ; Value                         ; Default Value ; Entity Name   ; Section Id     ;
+-------------------------------------+-------------------------------+---------------+---------------+----------------+
; COMPILER_SIGNATURE_ID               ; 9447195984839.166616330013600 ; --            ; --            ; --             ;
; EDA_GENERATE_FUNCTIONAL_NETLIST     ; On                            ; --            ; --            ; eda_simulation ;
; EDA_OUTPUT_DATA_FORMAT              ; Verilog Hdl                   ; --            ; --            ; eda_simulation ;
; EDA_SIMULATION_TOOL                 ; ModelSim-Altera (Verilog)     ; <None>        ; --            ; --             ;
; MAX_CORE_JUNCTION_TEMP              ; 85                            ; --            ; --            ; --             ;
; MIN_CORE_JUNCTION_TEMP              ; 0                             ; --            ; --            ; --             ;
; PARTITION_COLOR                     ; 16764057                      ; --            ; traffic_light ; Top            ;
; PARTITION_FITTER_PRESERVATION_LEVEL ; PLACEMENT_AND_ROUTING         ; --            ; traffic_light ; Top            ;
; PARTITION_NETLIST_TYPE              ; SOURCE                        ; --            ; traffic_light ; Top            ;
; TOP_LEVEL_ENTITY                    ; traffic_light                 ; TL            ; --            ; --             ;
+-------------------------------------+-------------------------------+---------------+---------------+----------------+


+----------------------------------------------------------------------------------------------------------------------------+
; Flow Elapsed Time                                                                                                          ;
+------------------------+--------------+-------------------------+---------------------+------------------------------------+
; Module Name            ; Elapsed Time ; Average Processors Used ; Peak Virtual Memory ; Total CPU Time (on all processors) ;
+------------------------+--------------+-------------------------+---------------------+------------------------------------+
; Analysis & Elaboration ; 00:00:01     ; 1.0                     ; 4572 MB             ; 00:00:00                           ;
; EDA Netlist Writer     ; 00:00:01     ; 1.0                     ; 4515 MB             ; 00:00:00                           ;
; EDA Netlist Writer     ; 00:00:00     ; 1.0                     ; 4515 MB             ; 00:00:00                           ;
; Total                  ; 00:00:02     ; --                      ; --                  ; 00:00:00                           ;
+------------------------+--------------+-------------------------+---------------------+------------------------------------+


+-------------------------------------------------------------------------------------+
; Flow OS Summary                                                                     ;
+------------------------+------------------+-----------+------------+----------------+
; Module Name            ; Machine Hostname ; OS Name   ; OS Version ; Processor type ;
+------------------------+------------------+-----------+------------+----------------+
; Analysis & Elaboration ; DESKTOP-KCQFBMN  ; Windows 7 ; 6.2        ; x86_64         ;
; EDA Netlist Writer     ; DESKTOP-KCQFBMN  ; Windows 7 ; 6.2        ; x86_64         ;
; EDA Netlist Writer     ; DESKTOP-KCQFBMN  ; Windows 7 ; 6.2        ; x86_64         ;
+------------------------+------------------+-----------+------------+----------------+


------------
; Flow Log ;
------------
quartus_map --read_settings_files=on --write_settings_files=off TL -c TL --analysis_and_elaboration
quartus_eda --gen_testbench --check_outputs=on --tool=modelsim_oem --format=verilog TL -c TL --vector_source=D:/quartus/HDL/thayKhai/TrafficLight/Waveform.vwf --testbench_file=./simulation/qsim/TL.vt
quartus_eda --functional=on --simulation=on --tool=modelsim_oem --format=verilog TL -c TL



