Analysis & Synthesis report for lnx
Tue Nov 29 20:38:49 2022
Quartus II 64-Bit Version 13.0.1 Build 232 06/12/2013 Service Pack 1 SJ Web Edition


---------------------
; Table of Contents ;
---------------------
  1. Legal Notice
  2. Analysis & Synthesis Summary
  3. Analysis & Synthesis Settings
  4. Parallel Compilation
  5. Analysis & Synthesis Source Files Read
  6. Analysis & Synthesis Resource Usage Summary
  7. Analysis & Synthesis Resource Utilization by Entity
  8. General Register Statistics
  9. Port Connectivity Checks: "OR16:getReady"
 10. Port Connectivity Checks: "CAS32bit:CAS80|CAS16bit:CAS1"
 11. Port Connectivity Checks: "CAS32bit:CAS80|CAS16bit:CAS0|CAS8bit:CAS1"
 12. Port Connectivity Checks: "CAS32bit:CAS80"
 13. Port Connectivity Checks: "REG16bit:regB|REG8bit:REG0|REG:reg7|REGISTER:reg0"
 14. Elapsed Time Per Partition
 15. Analysis & Synthesis Messages
 16. Analysis & Synthesis Suppressed Messages



----------------
; Legal Notice ;
----------------
Copyright (C) 1991-2013 Altera Corporation
Your use of Altera Corporation's design tools, logic functions 
and other software and tools, and its AMPP partner logic 
functions, and any output files from any of the foregoing 
(including device programming or simulation files), and any 
associated documentation or information are expressly subject 
to the terms and conditions of the Altera Program License 
Subscription Agreement, Altera MegaCore Function License 
Agreement, or other applicable license agreement, including, 
without limitation, that your use is for the sole purpose of 
programming logic devices manufactured by Altera and sold by 
Altera or its authorized distributors.  Please refer to the 
applicable agreement for further details.



+--------------------------------------------------------------------------------------+
; Analysis & Synthesis Summary                                                         ;
+------------------------------------+-------------------------------------------------+
; Analysis & Synthesis Status        ; Successful - Tue Nov 29 20:38:49 2022           ;
; Quartus II 64-Bit Version          ; 13.0.1 Build 232 06/12/2013 SP 1 SJ Web Edition ;
; Revision Name                      ; lnx                                             ;
; Top-level Entity Name              ; MUL                                             ;
; Family                             ; Cyclone II                                      ;
; Total logic elements               ; 174                                             ;
;     Total combinational functions  ; 174                                             ;
;     Dedicated logic registers      ; 80                                              ;
; Total registers                    ; 80                                              ;
; Total pins                         ; 69                                              ;
; Total virtual pins                 ; 0                                               ;
; Total memory bits                  ; 0                                               ;
; Embedded Multiplier 9-bit elements ; 0                                               ;
; Total PLLs                         ; 0                                               ;
+------------------------------------+-------------------------------------------------+


+----------------------------------------------------------------------------------------------------------------------+
; Analysis & Synthesis Settings                                                                                        ;
+----------------------------------------------------------------------------+--------------------+--------------------+
; Option                                                                     ; Setting            ; Default Value      ;
+----------------------------------------------------------------------------+--------------------+--------------------+
; Device                                                                     ; EP2C35F672C6       ;                    ;
; Top-level entity name                                                      ; MUL                ; lnx                ;
; Family name                                                                ; Cyclone II         ; Cyclone IV GX      ;
; Use smart compilation                                                      ; Off                ; Off                ;
; Enable parallel Assembler and TimeQuest Timing Analyzer during compilation ; On                 ; On                 ;
; Enable compact report table                                                ; Off                ; Off                ;
; Restructure Multiplexers                                                   ; Auto               ; Auto               ;
; Create Debugging Nodes for IP Cores                                        ; Off                ; Off                ;
; Preserve fewer node names                                                  ; On                 ; On                 ;
; Disable OpenCore Plus hardware evaluation                                  ; Off                ; Off                ;
; Verilog Version                                                            ; Verilog_2001       ; Verilog_2001       ;
; VHDL Version                                                               ; VHDL_1993          ; VHDL_1993          ;
; State Machine Processing                                                   ; Auto               ; Auto               ;
; Safe State Machine                                                         ; Off                ; Off                ;
; Extract Verilog State Machines                                             ; On                 ; On                 ;
; Extract VHDL State Machines                                                ; On                 ; On                 ;
; Ignore Verilog initial constructs                                          ; Off                ; Off                ;
; Iteration limit for constant Verilog loops                                 ; 5000               ; 5000               ;
; Iteration limit for non-constant Verilog loops                             ; 250                ; 250                ;
; Add Pass-Through Logic to Inferred RAMs                                    ; On                 ; On                 ;
; Infer RAMs from Raw Logic                                                  ; On                 ; On                 ;
; Parallel Synthesis                                                         ; On                 ; On                 ;
; DSP Block Balancing                                                        ; Auto               ; Auto               ;
; NOT Gate Push-Back                                                         ; On                 ; On                 ;
; Power-Up Don't Care                                                        ; On                 ; On                 ;
; Remove Redundant Logic Cells                                               ; Off                ; Off                ;
; Remove Duplicate Registers                                                 ; On                 ; On                 ;
; Ignore CARRY Buffers                                                       ; Off                ; Off                ;
; Ignore CASCADE Buffers                                                     ; Off                ; Off                ;
; Ignore GLOBAL Buffers                                                      ; Off                ; Off                ;
; Ignore ROW GLOBAL Buffers                                                  ; Off                ; Off                ;
; Ignore LCELL Buffers                                                       ; Off                ; Off                ;
; Ignore SOFT Buffers                                                        ; On                 ; On                 ;
; Limit AHDL Integers to 32 Bits                                             ; Off                ; Off                ;
; Optimization Technique                                                     ; Balanced           ; Balanced           ;
; Carry Chain Length                                                         ; 70                 ; 70                 ;
; Auto Carry Chains                                                          ; On                 ; On                 ;
; Auto Open-Drain Pins                                                       ; On                 ; On                 ;
; Perform WYSIWYG Primitive Resynthesis                                      ; Off                ; Off                ;
; Auto ROM Replacement                                                       ; On                 ; On                 ;
; Auto RAM Replacement                                                       ; On                 ; On                 ;
; Auto Shift Register Replacement                                            ; Auto               ; Auto               ;
; Allow Shift Register Merging across Hierarchies                            ; Auto               ; Auto               ;
; Auto Clock Enable Replacement                                              ; On                 ; On                 ;
; Strict RAM Replacement                                                     ; Off                ; Off                ;
; Allow Synchronous Control Signals                                          ; On                 ; On                 ;
; Force Use of Synchronous Clear Signals                                     ; Off                ; Off                ;
; Auto RAM to Logic Cell Conversion                                          ; Off                ; Off                ;
; Auto Resource Sharing                                                      ; Off                ; Off                ;
; Allow Any RAM Size For Recognition                                         ; Off                ; Off                ;
; Allow Any ROM Size For Recognition                                         ; Off                ; Off                ;
; Allow Any Shift Register Size For Recognition                              ; Off                ; Off                ;
; Use LogicLock Constraints during Resource Balancing                        ; On                 ; On                 ;
; Ignore translate_off and synthesis_off directives                          ; Off                ; Off                ;
; Timing-Driven Synthesis                                                    ; Off                ; Off                ;
; Report Parameter Settings                                                  ; On                 ; On                 ;
; Report Source Assignments                                                  ; On                 ; On                 ;
; Report Connectivity Checks                                                 ; On                 ; On                 ;
; Ignore Maximum Fan-Out Assignments                                         ; Off                ; Off                ;
; Synchronization Register Chain Length                                      ; 2                  ; 2                  ;
; PowerPlay Power Optimization                                               ; Normal compilation ; Normal compilation ;
; HDL message level                                                          ; Level2             ; Level2             ;
; Suppress Register Optimization Related Messages                            ; Off                ; Off                ;
; Number of Removed Registers Reported in Synthesis Report                   ; 5000               ; 5000               ;
; Number of Swept Nodes Reported in Synthesis Report                         ; 5000               ; 5000               ;
; Number of Inverted Registers Reported in Synthesis Report                  ; 100                ; 100                ;
; Clock MUX Protection                                                       ; On                 ; On                 ;
; Auto Gated Clock Conversion                                                ; Off                ; Off                ;
; Block Design Naming                                                        ; Auto               ; Auto               ;
; SDC constraint protection                                                  ; Off                ; Off                ;
; Synthesis Effort                                                           ; Auto               ; Auto               ;
; Shift Register Replacement - Allow Asynchronous Clear Signal               ; On                 ; On                 ;
; Pre-Mapping Resynthesis Optimization                                       ; Off                ; Off                ;
; Analysis & Synthesis Message Level                                         ; Medium             ; Medium             ;
; Disable Register Merging Across Hierarchies                                ; Auto               ; Auto               ;
; Resource Aware Inference For Block RAM                                     ; On                 ; On                 ;
; Synthesis Seed                                                             ; 1                  ; 1                  ;
+----------------------------------------------------------------------------+--------------------+--------------------+


Parallel compilation was disabled, but you have multiple processors available. Enable parallel compilation to reduce compilation time.
+-------------------------------------+
; Parallel Compilation                ;
+----------------------------+--------+
; Processors                 ; Number ;
+----------------------------+--------+
; Number detected on machine ; 8      ;
; Maximum allowed            ; 1      ;
+----------------------------+--------+


+-----------------------------------------------------------------------------------------------------------------------------+
; Analysis & Synthesis Source Files Read                                                                                      ;
+----------------------------------+-----------------+------------------------+-------------------------------------+---------+
; File Name with User-Entered Path ; Used in Netlist ; File Type              ; File Name with Absolute Path        ; Library ;
+----------------------------------+-----------------+------------------------+-------------------------------------+---------+
; FA.v                             ; yes             ; User Verilog HDL File  ; D:/CE213-TKHTSHDL/LT/Lnx/FA.v       ;         ;
; CAS.v                            ; yes             ; User Verilog HDL File  ; D:/CE213-TKHTSHDL/LT/Lnx/CAS.v      ;         ;
; CAS8bit.v                        ; yes             ; User Verilog HDL File  ; D:/CE213-TKHTSHDL/LT/Lnx/CAS8bit.v  ;         ;
; REG.v                            ; yes             ; User Verilog HDL File  ; D:/CE213-TKHTSHDL/LT/Lnx/REG.v      ;         ;
; REG8bit.v                        ; yes             ; User Verilog HDL File  ; D:/CE213-TKHTSHDL/LT/Lnx/REG8bit.v  ;         ;
; REGISTER.v                       ; yes             ; User Verilog HDL File  ; D:/CE213-TKHTSHDL/LT/Lnx/REGISTER.v ;         ;
; MUL.v                            ; yes             ; User Verilog HDL File  ; D:/CE213-TKHTSHDL/LT/Lnx/MUL.v      ;         ;
; AndRow.v                         ; yes             ; User Verilog HDL File  ; D:/CE213-TKHTSHDL/LT/Lnx/AndRow.v   ;         ;
; REG16bit.v                       ; yes             ; User Verilog HDL File  ; D:/CE213-TKHTSHDL/LT/Lnx/REG16bit.v ;         ;
; CAS16bit.v                       ; yes             ; User Verilog HDL File  ; D:/CE213-TKHTSHDL/LT/Lnx/CAS16bit.v ;         ;
; OR16.v                           ; yes             ; User Verilog HDL File  ; D:/CE213-TKHTSHDL/LT/Lnx/OR16.v     ;         ;
; REG32bit.v                       ; yes             ; User Verilog HDL File  ; D:/CE213-TKHTSHDL/LT/Lnx/REG32bit.v ;         ;
; CAS32bit.v                       ; yes             ; User Verilog HDL File  ; D:/CE213-TKHTSHDL/LT/Lnx/CAS32bit.v ;         ;
+----------------------------------+-----------------+------------------------+-------------------------------------+---------+


+-----------------------------------------------------+
; Analysis & Synthesis Resource Usage Summary         ;
+---------------------------------------------+-------+
; Resource                                    ; Usage ;
+---------------------------------------------+-------+
; Estimated Total logic elements              ; 174   ;
;                                             ;       ;
; Total combinational functions               ; 174   ;
; Logic element usage by number of LUT inputs ;       ;
;     -- 4 input functions                    ; 115   ;
;     -- 3 input functions                    ; 9     ;
;     -- <=2 input functions                  ; 50    ;
;                                             ;       ;
; Logic elements by mode                      ;       ;
;     -- normal mode                          ; 174   ;
;     -- arithmetic mode                      ; 0     ;
;                                             ;       ;
; Total registers                             ; 80    ;
;     -- Dedicated logic registers            ; 80    ;
;     -- I/O registers                        ; 0     ;
;                                             ;       ;
; I/O pins                                    ; 69    ;
; Embedded Multiplier 9-bit elements          ; 0     ;
; Maximum fan-out node                        ; CLK   ;
; Maximum fan-out                             ; 80    ;
; Total fan-out                               ; 941   ;
; Average fan-out                             ; 2.91  ;
+---------------------------------------------+-------+


+-------------------------------------------------------------------------------------------------------------------------------------------------------------------------------------------------------------------------------------+
; Analysis & Synthesis Resource Utilization by Entity                                                                                                                                                                                 ;
+--------------------------------+-------------------+--------------+-------------+--------------+---------+-----------+------+--------------+-------------------------------------------------------------------------+--------------+
; Compilation Hierarchy Node     ; LC Combinationals ; LC Registers ; Memory Bits ; DSP Elements ; DSP 9x9 ; DSP 18x18 ; Pins ; Virtual Pins ; Full Hierarchy Name                                                     ; Library Name ;
+--------------------------------+-------------------+--------------+-------------+--------------+---------+-----------+------+--------------+-------------------------------------------------------------------------+--------------+
; |MUL                           ; 174 (105)         ; 80 (0)       ; 0           ; 0            ; 0       ; 0         ; 69   ; 0            ; |MUL                                                                    ; work         ;
;    |AndRow:Row0|               ; 5 (5)             ; 0 (0)        ; 0           ; 0            ; 0       ; 0         ; 0    ; 0            ; |MUL|AndRow:Row0                                                        ; work         ;
;    |CAS32bit:CAS80|            ; 62 (0)            ; 0 (0)        ; 0           ; 0            ; 0       ; 0         ; 0    ; 0            ; |MUL|CAS32bit:CAS80                                                     ; work         ;
;       |CAS16bit:CAS0|          ; 31 (0)            ; 0 (0)        ; 0           ; 0            ; 0       ; 0         ; 0    ; 0            ; |MUL|CAS32bit:CAS80|CAS16bit:CAS0                                       ; work         ;
;          |CAS8bit:CAS0|        ; 16 (0)            ; 0 (0)        ; 0           ; 0            ; 0       ; 0         ; 0    ; 0            ; |MUL|CAS32bit:CAS80|CAS16bit:CAS0|CAS8bit:CAS0                          ; work         ;
;             |CAS:CAS0|         ; 2 (0)             ; 0 (0)        ; 0           ; 0            ; 0       ; 0         ; 0    ; 0            ; |MUL|CAS32bit:CAS80|CAS16bit:CAS0|CAS8bit:CAS0|CAS:CAS0                 ; work         ;
;                |FA:FA0|        ; 2 (2)             ; 0 (0)        ; 0           ; 0            ; 0       ; 0         ; 0    ; 0            ; |MUL|CAS32bit:CAS80|CAS16bit:CAS0|CAS8bit:CAS0|CAS:CAS0|FA:FA0          ; work         ;
;             |CAS:CAS1|         ; 2 (0)             ; 0 (0)        ; 0           ; 0            ; 0       ; 0         ; 0    ; 0            ; |MUL|CAS32bit:CAS80|CAS16bit:CAS0|CAS8bit:CAS0|CAS:CAS1                 ; work         ;
;                |FA:FA0|        ; 2 (2)             ; 0 (0)        ; 0           ; 0            ; 0       ; 0         ; 0    ; 0            ; |MUL|CAS32bit:CAS80|CAS16bit:CAS0|CAS8bit:CAS0|CAS:CAS1|FA:FA0          ; work         ;
;             |CAS:CAS2|         ; 2 (0)             ; 0 (0)        ; 0           ; 0            ; 0       ; 0         ; 0    ; 0            ; |MUL|CAS32bit:CAS80|CAS16bit:CAS0|CAS8bit:CAS0|CAS:CAS2                 ; work         ;
;                |FA:FA0|        ; 2 (2)             ; 0 (0)        ; 0           ; 0            ; 0       ; 0         ; 0    ; 0            ; |MUL|CAS32bit:CAS80|CAS16bit:CAS0|CAS8bit:CAS0|CAS:CAS2|FA:FA0          ; work         ;
;             |CAS:CAS3|         ; 2 (0)             ; 0 (0)        ; 0           ; 0            ; 0       ; 0         ; 0    ; 0            ; |MUL|CAS32bit:CAS80|CAS16bit:CAS0|CAS8bit:CAS0|CAS:CAS3                 ; work         ;
;                |FA:FA0|        ; 2 (2)             ; 0 (0)        ; 0           ; 0            ; 0       ; 0         ; 0    ; 0            ; |MUL|CAS32bit:CAS80|CAS16bit:CAS0|CAS8bit:CAS0|CAS:CAS3|FA:FA0          ; work         ;
;             |CAS:CAS4|         ; 2 (0)             ; 0 (0)        ; 0           ; 0            ; 0       ; 0         ; 0    ; 0            ; |MUL|CAS32bit:CAS80|CAS16bit:CAS0|CAS8bit:CAS0|CAS:CAS4                 ; work         ;
;                |FA:FA0|        ; 2 (2)             ; 0 (0)        ; 0           ; 0            ; 0       ; 0         ; 0    ; 0            ; |MUL|CAS32bit:CAS80|CAS16bit:CAS0|CAS8bit:CAS0|CAS:CAS4|FA:FA0          ; work         ;
;             |CAS:CAS5|         ; 2 (0)             ; 0 (0)        ; 0           ; 0            ; 0       ; 0         ; 0    ; 0            ; |MUL|CAS32bit:CAS80|CAS16bit:CAS0|CAS8bit:CAS0|CAS:CAS5                 ; work         ;
;                |FA:FA0|        ; 2 (2)             ; 0 (0)        ; 0           ; 0            ; 0       ; 0         ; 0    ; 0            ; |MUL|CAS32bit:CAS80|CAS16bit:CAS0|CAS8bit:CAS0|CAS:CAS5|FA:FA0          ; work         ;
;             |CAS:CAS6|         ; 2 (0)             ; 0 (0)        ; 0           ; 0            ; 0       ; 0         ; 0    ; 0            ; |MUL|CAS32bit:CAS80|CAS16bit:CAS0|CAS8bit:CAS0|CAS:CAS6                 ; work         ;
;                |FA:FA0|        ; 2 (2)             ; 0 (0)        ; 0           ; 0            ; 0       ; 0         ; 0    ; 0            ; |MUL|CAS32bit:CAS80|CAS16bit:CAS0|CAS8bit:CAS0|CAS:CAS6|FA:FA0          ; work         ;
;             |CAS:CAS7|         ; 2 (0)             ; 0 (0)        ; 0           ; 0            ; 0       ; 0         ; 0    ; 0            ; |MUL|CAS32bit:CAS80|CAS16bit:CAS0|CAS8bit:CAS0|CAS:CAS7                 ; work         ;
;                |FA:FA0|        ; 2 (2)             ; 0 (0)        ; 0           ; 0            ; 0       ; 0         ; 0    ; 0            ; |MUL|CAS32bit:CAS80|CAS16bit:CAS0|CAS8bit:CAS0|CAS:CAS7|FA:FA0          ; work         ;
;          |CAS8bit:CAS1|        ; 15 (0)            ; 0 (0)        ; 0           ; 0            ; 0       ; 0         ; 0    ; 0            ; |MUL|CAS32bit:CAS80|CAS16bit:CAS0|CAS8bit:CAS1                          ; work         ;
;             |CAS:CAS0|         ; 2 (0)             ; 0 (0)        ; 0           ; 0            ; 0       ; 0         ; 0    ; 0            ; |MUL|CAS32bit:CAS80|CAS16bit:CAS0|CAS8bit:CAS1|CAS:CAS0                 ; work         ;
;                |FA:FA0|        ; 2 (2)             ; 0 (0)        ; 0           ; 0            ; 0       ; 0         ; 0    ; 0            ; |MUL|CAS32bit:CAS80|CAS16bit:CAS0|CAS8bit:CAS1|CAS:CAS0|FA:FA0          ; work         ;
;             |CAS:CAS1|         ; 2 (0)             ; 0 (0)        ; 0           ; 0            ; 0       ; 0         ; 0    ; 0            ; |MUL|CAS32bit:CAS80|CAS16bit:CAS0|CAS8bit:CAS1|CAS:CAS1                 ; work         ;
;                |FA:FA0|        ; 2 (2)             ; 0 (0)        ; 0           ; 0            ; 0       ; 0         ; 0    ; 0            ; |MUL|CAS32bit:CAS80|CAS16bit:CAS0|CAS8bit:CAS1|CAS:CAS1|FA:FA0          ; work         ;
;             |CAS:CAS2|         ; 2 (0)             ; 0 (0)        ; 0           ; 0            ; 0       ; 0         ; 0    ; 0            ; |MUL|CAS32bit:CAS80|CAS16bit:CAS0|CAS8bit:CAS1|CAS:CAS2                 ; work         ;
;                |FA:FA0|        ; 2 (2)             ; 0 (0)        ; 0           ; 0            ; 0       ; 0         ; 0    ; 0            ; |MUL|CAS32bit:CAS80|CAS16bit:CAS0|CAS8bit:CAS1|CAS:CAS2|FA:FA0          ; work         ;
;             |CAS:CAS3|         ; 2 (0)             ; 0 (0)        ; 0           ; 0            ; 0       ; 0         ; 0    ; 0            ; |MUL|CAS32bit:CAS80|CAS16bit:CAS0|CAS8bit:CAS1|CAS:CAS3                 ; work         ;
;                |FA:FA0|        ; 2 (2)             ; 0 (0)        ; 0           ; 0            ; 0       ; 0         ; 0    ; 0            ; |MUL|CAS32bit:CAS80|CAS16bit:CAS0|CAS8bit:CAS1|CAS:CAS3|FA:FA0          ; work         ;
;             |CAS:CAS4|         ; 2 (0)             ; 0 (0)        ; 0           ; 0            ; 0       ; 0         ; 0    ; 0            ; |MUL|CAS32bit:CAS80|CAS16bit:CAS0|CAS8bit:CAS1|CAS:CAS4                 ; work         ;
;                |FA:FA0|        ; 2 (2)             ; 0 (0)        ; 0           ; 0            ; 0       ; 0         ; 0    ; 0            ; |MUL|CAS32bit:CAS80|CAS16bit:CAS0|CAS8bit:CAS1|CAS:CAS4|FA:FA0          ; work         ;
;             |CAS:CAS5|         ; 2 (0)             ; 0 (0)        ; 0           ; 0            ; 0       ; 0         ; 0    ; 0            ; |MUL|CAS32bit:CAS80|CAS16bit:CAS0|CAS8bit:CAS1|CAS:CAS5                 ; work         ;
;                |FA:FA0|        ; 2 (2)             ; 0 (0)        ; 0           ; 0            ; 0       ; 0         ; 0    ; 0            ; |MUL|CAS32bit:CAS80|CAS16bit:CAS0|CAS8bit:CAS1|CAS:CAS5|FA:FA0          ; work         ;
;             |CAS:CAS6|         ; 2 (0)             ; 0 (0)        ; 0           ; 0            ; 0       ; 0         ; 0    ; 0            ; |MUL|CAS32bit:CAS80|CAS16bit:CAS0|CAS8bit:CAS1|CAS:CAS6                 ; work         ;
;                |FA:FA0|        ; 2 (2)             ; 0 (0)        ; 0           ; 0            ; 0       ; 0         ; 0    ; 0            ; |MUL|CAS32bit:CAS80|CAS16bit:CAS0|CAS8bit:CAS1|CAS:CAS6|FA:FA0          ; work         ;
;             |CAS:CAS7|         ; 1 (0)             ; 0 (0)        ; 0           ; 0            ; 0       ; 0         ; 0    ; 0            ; |MUL|CAS32bit:CAS80|CAS16bit:CAS0|CAS8bit:CAS1|CAS:CAS7                 ; work         ;
;                |FA:FA0|        ; 1 (1)             ; 0 (0)        ; 0           ; 0            ; 0       ; 0         ; 0    ; 0            ; |MUL|CAS32bit:CAS80|CAS16bit:CAS0|CAS8bit:CAS1|CAS:CAS7|FA:FA0          ; work         ;
;       |CAS16bit:CAS1|          ; 31 (0)            ; 0 (0)        ; 0           ; 0            ; 0       ; 0         ; 0    ; 0            ; |MUL|CAS32bit:CAS80|CAS16bit:CAS1                                       ; work         ;
;          |CAS8bit:CAS0|        ; 16 (0)            ; 0 (0)        ; 0           ; 0            ; 0       ; 0         ; 0    ; 0            ; |MUL|CAS32bit:CAS80|CAS16bit:CAS1|CAS8bit:CAS0                          ; work         ;
;             |CAS:CAS0|         ; 2 (0)             ; 0 (0)        ; 0           ; 0            ; 0       ; 0         ; 0    ; 0            ; |MUL|CAS32bit:CAS80|CAS16bit:CAS1|CAS8bit:CAS0|CAS:CAS0                 ; work         ;
;                |FA:FA0|        ; 2 (2)             ; 0 (0)        ; 0           ; 0            ; 0       ; 0         ; 0    ; 0            ; |MUL|CAS32bit:CAS80|CAS16bit:CAS1|CAS8bit:CAS0|CAS:CAS0|FA:FA0          ; work         ;
;             |CAS:CAS1|         ; 2 (0)             ; 0 (0)        ; 0           ; 0            ; 0       ; 0         ; 0    ; 0            ; |MUL|CAS32bit:CAS80|CAS16bit:CAS1|CAS8bit:CAS0|CAS:CAS1                 ; work         ;
;                |FA:FA0|        ; 2 (2)             ; 0 (0)        ; 0           ; 0            ; 0       ; 0         ; 0    ; 0            ; |MUL|CAS32bit:CAS80|CAS16bit:CAS1|CAS8bit:CAS0|CAS:CAS1|FA:FA0          ; work         ;
;             |CAS:CAS2|         ; 2 (0)             ; 0 (0)        ; 0           ; 0            ; 0       ; 0         ; 0    ; 0            ; |MUL|CAS32bit:CAS80|CAS16bit:CAS1|CAS8bit:CAS0|CAS:CAS2                 ; work         ;
;                |FA:FA0|        ; 2 (2)             ; 0 (0)        ; 0           ; 0            ; 0       ; 0         ; 0    ; 0            ; |MUL|CAS32bit:CAS80|CAS16bit:CAS1|CAS8bit:CAS0|CAS:CAS2|FA:FA0          ; work         ;
;             |CAS:CAS3|         ; 2 (0)             ; 0 (0)        ; 0           ; 0            ; 0       ; 0         ; 0    ; 0            ; |MUL|CAS32bit:CAS80|CAS16bit:CAS1|CAS8bit:CAS0|CAS:CAS3                 ; work         ;
;                |FA:FA0|        ; 2 (2)             ; 0 (0)        ; 0           ; 0            ; 0       ; 0         ; 0    ; 0            ; |MUL|CAS32bit:CAS80|CAS16bit:CAS1|CAS8bit:CAS0|CAS:CAS3|FA:FA0          ; work         ;
;             |CAS:CAS4|         ; 2 (0)             ; 0 (0)        ; 0           ; 0            ; 0       ; 0         ; 0    ; 0            ; |MUL|CAS32bit:CAS80|CAS16bit:CAS1|CAS8bit:CAS0|CAS:CAS4                 ; work         ;
;                |FA:FA0|        ; 2 (2)             ; 0 (0)        ; 0           ; 0            ; 0       ; 0         ; 0    ; 0            ; |MUL|CAS32bit:CAS80|CAS16bit:CAS1|CAS8bit:CAS0|CAS:CAS4|FA:FA0          ; work         ;
;             |CAS:CAS5|         ; 2 (0)             ; 0 (0)        ; 0           ; 0            ; 0       ; 0         ; 0    ; 0            ; |MUL|CAS32bit:CAS80|CAS16bit:CAS1|CAS8bit:CAS0|CAS:CAS5                 ; work         ;
;                |FA:FA0|        ; 2 (2)             ; 0 (0)        ; 0           ; 0            ; 0       ; 0         ; 0    ; 0            ; |MUL|CAS32bit:CAS80|CAS16bit:CAS1|CAS8bit:CAS0|CAS:CAS5|FA:FA0          ; work         ;
;             |CAS:CAS6|         ; 2 (0)             ; 0 (0)        ; 0           ; 0            ; 0       ; 0         ; 0    ; 0            ; |MUL|CAS32bit:CAS80|CAS16bit:CAS1|CAS8bit:CAS0|CAS:CAS6                 ; work         ;
;                |FA:FA0|        ; 2 (2)             ; 0 (0)        ; 0           ; 0            ; 0       ; 0         ; 0    ; 0            ; |MUL|CAS32bit:CAS80|CAS16bit:CAS1|CAS8bit:CAS0|CAS:CAS6|FA:FA0          ; work         ;
;             |CAS:CAS7|         ; 2 (0)             ; 0 (0)        ; 0           ; 0            ; 0       ; 0         ; 0    ; 0            ; |MUL|CAS32bit:CAS80|CAS16bit:CAS1|CAS8bit:CAS0|CAS:CAS7                 ; work         ;
;                |FA:FA0|        ; 2 (2)             ; 0 (0)        ; 0           ; 0            ; 0       ; 0         ; 0    ; 0            ; |MUL|CAS32bit:CAS80|CAS16bit:CAS1|CAS8bit:CAS0|CAS:CAS7|FA:FA0          ; work         ;
;          |CAS8bit:CAS1|        ; 15 (0)            ; 0 (0)        ; 0           ; 0            ; 0       ; 0         ; 0    ; 0            ; |MUL|CAS32bit:CAS80|CAS16bit:CAS1|CAS8bit:CAS1                          ; work         ;
;             |CAS:CAS0|         ; 2 (0)             ; 0 (0)        ; 0           ; 0            ; 0       ; 0         ; 0    ; 0            ; |MUL|CAS32bit:CAS80|CAS16bit:CAS1|CAS8bit:CAS1|CAS:CAS0                 ; work         ;
;                |FA:FA0|        ; 2 (2)             ; 0 (0)        ; 0           ; 0            ; 0       ; 0         ; 0    ; 0            ; |MUL|CAS32bit:CAS80|CAS16bit:CAS1|CAS8bit:CAS1|CAS:CAS0|FA:FA0          ; work         ;
;             |CAS:CAS1|         ; 2 (0)             ; 0 (0)        ; 0           ; 0            ; 0       ; 0         ; 0    ; 0            ; |MUL|CAS32bit:CAS80|CAS16bit:CAS1|CAS8bit:CAS1|CAS:CAS1                 ; work         ;
;                |FA:FA0|        ; 2 (2)             ; 0 (0)        ; 0           ; 0            ; 0       ; 0         ; 0    ; 0            ; |MUL|CAS32bit:CAS80|CAS16bit:CAS1|CAS8bit:CAS1|CAS:CAS1|FA:FA0          ; work         ;
;             |CAS:CAS2|         ; 2 (0)             ; 0 (0)        ; 0           ; 0            ; 0       ; 0         ; 0    ; 0            ; |MUL|CAS32bit:CAS80|CAS16bit:CAS1|CAS8bit:CAS1|CAS:CAS2                 ; work         ;
;                |FA:FA0|        ; 2 (2)             ; 0 (0)        ; 0           ; 0            ; 0       ; 0         ; 0    ; 0            ; |MUL|CAS32bit:CAS80|CAS16bit:CAS1|CAS8bit:CAS1|CAS:CAS2|FA:FA0          ; work         ;
;             |CAS:CAS3|         ; 2 (0)             ; 0 (0)        ; 0           ; 0            ; 0       ; 0         ; 0    ; 0            ; |MUL|CAS32bit:CAS80|CAS16bit:CAS1|CAS8bit:CAS1|CAS:CAS3                 ; work         ;
;                |FA:FA0|        ; 2 (2)             ; 0 (0)        ; 0           ; 0            ; 0       ; 0         ; 0    ; 0            ; |MUL|CAS32bit:CAS80|CAS16bit:CAS1|CAS8bit:CAS1|CAS:CAS3|FA:FA0          ; work         ;
;             |CAS:CAS4|         ; 2 (0)             ; 0 (0)        ; 0           ; 0            ; 0       ; 0         ; 0    ; 0            ; |MUL|CAS32bit:CAS80|CAS16bit:CAS1|CAS8bit:CAS1|CAS:CAS4                 ; work         ;
;                |FA:FA0|        ; 2 (2)             ; 0 (0)        ; 0           ; 0            ; 0       ; 0         ; 0    ; 0            ; |MUL|CAS32bit:CAS80|CAS16bit:CAS1|CAS8bit:CAS1|CAS:CAS4|FA:FA0          ; work         ;
;             |CAS:CAS5|         ; 2 (0)             ; 0 (0)        ; 0           ; 0            ; 0       ; 0         ; 0    ; 0            ; |MUL|CAS32bit:CAS80|CAS16bit:CAS1|CAS8bit:CAS1|CAS:CAS5                 ; work         ;
;                |FA:FA0|        ; 2 (2)             ; 0 (0)        ; 0           ; 0            ; 0       ; 0         ; 0    ; 0            ; |MUL|CAS32bit:CAS80|CAS16bit:CAS1|CAS8bit:CAS1|CAS:CAS5|FA:FA0          ; work         ;
;             |CAS:CAS6|         ; 2 (0)             ; 0 (0)        ; 0           ; 0            ; 0       ; 0         ; 0    ; 0            ; |MUL|CAS32bit:CAS80|CAS16bit:CAS1|CAS8bit:CAS1|CAS:CAS6                 ; work         ;
;                |FA:FA0|        ; 2 (2)             ; 0 (0)        ; 0           ; 0            ; 0       ; 0         ; 0    ; 0            ; |MUL|CAS32bit:CAS80|CAS16bit:CAS1|CAS8bit:CAS1|CAS:CAS6|FA:FA0          ; work         ;
;             |CAS:CAS7|         ; 1 (0)             ; 0 (0)        ; 0           ; 0            ; 0       ; 0         ; 0    ; 0            ; |MUL|CAS32bit:CAS80|CAS16bit:CAS1|CAS8bit:CAS1|CAS:CAS7                 ; work         ;
;                |FA:FA0|        ; 1 (1)             ; 0 (0)        ; 0           ; 0            ; 0       ; 0         ; 0    ; 0            ; |MUL|CAS32bit:CAS80|CAS16bit:CAS1|CAS8bit:CAS1|CAS:CAS7|FA:FA0          ; work         ;
;    |OR16:getReady|             ; 1 (1)             ; 0 (0)        ; 0           ; 0            ; 0       ; 0         ; 0    ; 0            ; |MUL|OR16:getReady                                                      ; work         ;
;    |OR16:getWait|              ; 1 (1)             ; 0 (0)        ; 0           ; 0            ; 0       ; 0         ; 0    ; 0            ; |MUL|OR16:getWait                                                       ; work         ;
;    |REG16bit:regB|             ; 0 (0)             ; 16 (0)       ; 0           ; 0            ; 0       ; 0         ; 0    ; 0            ; |MUL|REG16bit:regB                                                      ; work         ;
;       |REG8bit:REG0|           ; 0 (0)             ; 8 (0)        ; 0           ; 0            ; 0       ; 0         ; 0    ; 0            ; |MUL|REG16bit:regB|REG8bit:REG0                                         ; work         ;
;          |REG:reg0|            ; 0 (0)             ; 1 (0)        ; 0           ; 0            ; 0       ; 0         ; 0    ; 0            ; |MUL|REG16bit:regB|REG8bit:REG0|REG:reg0                                ; work         ;
;             |REGISTER:reg0|    ; 0 (0)             ; 1 (1)        ; 0           ; 0            ; 0       ; 0         ; 0    ; 0            ; |MUL|REG16bit:regB|REG8bit:REG0|REG:reg0|REGISTER:reg0                  ; work         ;
;          |REG:reg1|            ; 0 (0)             ; 1 (0)        ; 0           ; 0            ; 0       ; 0         ; 0    ; 0            ; |MUL|REG16bit:regB|REG8bit:REG0|REG:reg1                                ; work         ;
;             |REGISTER:reg0|    ; 0 (0)             ; 1 (1)        ; 0           ; 0            ; 0       ; 0         ; 0    ; 0            ; |MUL|REG16bit:regB|REG8bit:REG0|REG:reg1|REGISTER:reg0                  ; work         ;
;          |REG:reg2|            ; 0 (0)             ; 1 (0)        ; 0           ; 0            ; 0       ; 0         ; 0    ; 0            ; |MUL|REG16bit:regB|REG8bit:REG0|REG:reg2                                ; work         ;
;             |REGISTER:reg0|    ; 0 (0)             ; 1 (1)        ; 0           ; 0            ; 0       ; 0         ; 0    ; 0            ; |MUL|REG16bit:regB|REG8bit:REG0|REG:reg2|REGISTER:reg0                  ; work         ;
;          |REG:reg3|            ; 0 (0)             ; 1 (0)        ; 0           ; 0            ; 0       ; 0         ; 0    ; 0            ; |MUL|REG16bit:regB|REG8bit:REG0|REG:reg3                                ; work         ;
;             |REGISTER:reg0|    ; 0 (0)             ; 1 (1)        ; 0           ; 0            ; 0       ; 0         ; 0    ; 0            ; |MUL|REG16bit:regB|REG8bit:REG0|REG:reg3|REGISTER:reg0                  ; work         ;
;          |REG:reg4|            ; 0 (0)             ; 1 (0)        ; 0           ; 0            ; 0       ; 0         ; 0    ; 0            ; |MUL|REG16bit:regB|REG8bit:REG0|REG:reg4                                ; work         ;
;             |REGISTER:reg0|    ; 0 (0)             ; 1 (1)        ; 0           ; 0            ; 0       ; 0         ; 0    ; 0            ; |MUL|REG16bit:regB|REG8bit:REG0|REG:reg4|REGISTER:reg0                  ; work         ;
;          |REG:reg5|            ; 0 (0)             ; 1 (0)        ; 0           ; 0            ; 0       ; 0         ; 0    ; 0            ; |MUL|REG16bit:regB|REG8bit:REG0|REG:reg5                                ; work         ;
;             |REGISTER:reg0|    ; 0 (0)             ; 1 (1)        ; 0           ; 0            ; 0       ; 0         ; 0    ; 0            ; |MUL|REG16bit:regB|REG8bit:REG0|REG:reg5|REGISTER:reg0                  ; work         ;
;          |REG:reg6|            ; 0 (0)             ; 1 (0)        ; 0           ; 0            ; 0       ; 0         ; 0    ; 0            ; |MUL|REG16bit:regB|REG8bit:REG0|REG:reg6                                ; work         ;
;             |REGISTER:reg0|    ; 0 (0)             ; 1 (1)        ; 0           ; 0            ; 0       ; 0         ; 0    ; 0            ; |MUL|REG16bit:regB|REG8bit:REG0|REG:reg6|REGISTER:reg0                  ; work         ;
;          |REG:reg7|            ; 0 (0)             ; 1 (0)        ; 0           ; 0            ; 0       ; 0         ; 0    ; 0            ; |MUL|REG16bit:regB|REG8bit:REG0|REG:reg7                                ; work         ;
;             |REGISTER:reg0|    ; 0 (0)             ; 1 (1)        ; 0           ; 0            ; 0       ; 0         ; 0    ; 0            ; |MUL|REG16bit:regB|REG8bit:REG0|REG:reg7|REGISTER:reg0                  ; work         ;
;       |REG8bit:REG1|           ; 0 (0)             ; 8 (0)        ; 0           ; 0            ; 0       ; 0         ; 0    ; 0            ; |MUL|REG16bit:regB|REG8bit:REG1                                         ; work         ;
;          |REG:reg0|            ; 0 (0)             ; 1 (0)        ; 0           ; 0            ; 0       ; 0         ; 0    ; 0            ; |MUL|REG16bit:regB|REG8bit:REG1|REG:reg0                                ; work         ;
;             |REGISTER:reg0|    ; 0 (0)             ; 1 (1)        ; 0           ; 0            ; 0       ; 0         ; 0    ; 0            ; |MUL|REG16bit:regB|REG8bit:REG1|REG:reg0|REGISTER:reg0                  ; work         ;
;          |REG:reg1|            ; 0 (0)             ; 1 (0)        ; 0           ; 0            ; 0       ; 0         ; 0    ; 0            ; |MUL|REG16bit:regB|REG8bit:REG1|REG:reg1                                ; work         ;
;             |REGISTER:reg0|    ; 0 (0)             ; 1 (1)        ; 0           ; 0            ; 0       ; 0         ; 0    ; 0            ; |MUL|REG16bit:regB|REG8bit:REG1|REG:reg1|REGISTER:reg0                  ; work         ;
;          |REG:reg2|            ; 0 (0)             ; 1 (0)        ; 0           ; 0            ; 0       ; 0         ; 0    ; 0            ; |MUL|REG16bit:regB|REG8bit:REG1|REG:reg2                                ; work         ;
;             |REGISTER:reg0|    ; 0 (0)             ; 1 (1)        ; 0           ; 0            ; 0       ; 0         ; 0    ; 0            ; |MUL|REG16bit:regB|REG8bit:REG1|REG:reg2|REGISTER:reg0                  ; work         ;
;          |REG:reg3|            ; 0 (0)             ; 1 (0)        ; 0           ; 0            ; 0       ; 0         ; 0    ; 0            ; |MUL|REG16bit:regB|REG8bit:REG1|REG:reg3                                ; work         ;
;             |REGISTER:reg0|    ; 0 (0)             ; 1 (1)        ; 0           ; 0            ; 0       ; 0         ; 0    ; 0            ; |MUL|REG16bit:regB|REG8bit:REG1|REG:reg3|REGISTER:reg0                  ; work         ;
;          |REG:reg4|            ; 0 (0)             ; 1 (0)        ; 0           ; 0            ; 0       ; 0         ; 0    ; 0            ; |MUL|REG16bit:regB|REG8bit:REG1|REG:reg4                                ; work         ;
;             |REGISTER:reg0|    ; 0 (0)             ; 1 (1)        ; 0           ; 0            ; 0       ; 0         ; 0    ; 0            ; |MUL|REG16bit:regB|REG8bit:REG1|REG:reg4|REGISTER:reg0                  ; work         ;
;          |REG:reg5|            ; 0 (0)             ; 1 (0)        ; 0           ; 0            ; 0       ; 0         ; 0    ; 0            ; |MUL|REG16bit:regB|REG8bit:REG1|REG:reg5                                ; work         ;
;             |REGISTER:reg0|    ; 0 (0)             ; 1 (1)        ; 0           ; 0            ; 0       ; 0         ; 0    ; 0            ; |MUL|REG16bit:regB|REG8bit:REG1|REG:reg5|REGISTER:reg0                  ; work         ;
;          |REG:reg6|            ; 0 (0)             ; 1 (0)        ; 0           ; 0            ; 0       ; 0         ; 0    ; 0            ; |MUL|REG16bit:regB|REG8bit:REG1|REG:reg6                                ; work         ;
;             |REGISTER:reg0|    ; 0 (0)             ; 1 (1)        ; 0           ; 0            ; 0       ; 0         ; 0    ; 0            ; |MUL|REG16bit:regB|REG8bit:REG1|REG:reg6|REGISTER:reg0                  ; work         ;
;          |REG:reg7|            ; 0 (0)             ; 1 (0)        ; 0           ; 0            ; 0       ; 0         ; 0    ; 0            ; |MUL|REG16bit:regB|REG8bit:REG1|REG:reg7                                ; work         ;
;             |REGISTER:reg0|    ; 0 (0)             ; 1 (1)        ; 0           ; 0            ; 0       ; 0         ; 0    ; 0            ; |MUL|REG16bit:regB|REG8bit:REG1|REG:reg7|REGISTER:reg0                  ; work         ;
;    |REG32bit:regA|             ; 0 (0)             ; 32 (0)       ; 0           ; 0            ; 0       ; 0         ; 0    ; 0            ; |MUL|REG32bit:regA                                                      ; work         ;
;       |REG16bit:REG0|          ; 0 (0)             ; 16 (0)       ; 0           ; 0            ; 0       ; 0         ; 0    ; 0            ; |MUL|REG32bit:regA|REG16bit:REG0                                        ; work         ;
;          |REG8bit:REG0|        ; 0 (0)             ; 8 (0)        ; 0           ; 0            ; 0       ; 0         ; 0    ; 0            ; |MUL|REG32bit:regA|REG16bit:REG0|REG8bit:REG0                           ; work         ;
;             |REG:reg0|         ; 0 (0)             ; 1 (0)        ; 0           ; 0            ; 0       ; 0         ; 0    ; 0            ; |MUL|REG32bit:regA|REG16bit:REG0|REG8bit:REG0|REG:reg0                  ; work         ;
;                |REGISTER:reg0| ; 0 (0)             ; 1 (1)        ; 0           ; 0            ; 0       ; 0         ; 0    ; 0            ; |MUL|REG32bit:regA|REG16bit:REG0|REG8bit:REG0|REG:reg0|REGISTER:reg0    ; work         ;
;             |REG:reg1|         ; 0 (0)             ; 1 (0)        ; 0           ; 0            ; 0       ; 0         ; 0    ; 0            ; |MUL|REG32bit:regA|REG16bit:REG0|REG8bit:REG0|REG:reg1                  ; work         ;
;                |REGISTER:reg0| ; 0 (0)             ; 1 (1)        ; 0           ; 0            ; 0       ; 0         ; 0    ; 0            ; |MUL|REG32bit:regA|REG16bit:REG0|REG8bit:REG0|REG:reg1|REGISTER:reg0    ; work         ;
;             |REG:reg2|         ; 0 (0)             ; 1 (0)        ; 0           ; 0            ; 0       ; 0         ; 0    ; 0            ; |MUL|REG32bit:regA|REG16bit:REG0|REG8bit:REG0|REG:reg2                  ; work         ;
;                |REGISTER:reg0| ; 0 (0)             ; 1 (1)        ; 0           ; 0            ; 0       ; 0         ; 0    ; 0            ; |MUL|REG32bit:regA|REG16bit:REG0|REG8bit:REG0|REG:reg2|REGISTER:reg0    ; work         ;
;             |REG:reg3|         ; 0 (0)             ; 1 (0)        ; 0           ; 0            ; 0       ; 0         ; 0    ; 0            ; |MUL|REG32bit:regA|REG16bit:REG0|REG8bit:REG0|REG:reg3                  ; work         ;
;                |REGISTER:reg0| ; 0 (0)             ; 1 (1)        ; 0           ; 0            ; 0       ; 0         ; 0    ; 0            ; |MUL|REG32bit:regA|REG16bit:REG0|REG8bit:REG0|REG:reg3|REGISTER:reg0    ; work         ;
;             |REG:reg4|         ; 0 (0)             ; 1 (0)        ; 0           ; 0            ; 0       ; 0         ; 0    ; 0            ; |MUL|REG32bit:regA|REG16bit:REG0|REG8bit:REG0|REG:reg4                  ; work         ;
;                |REGISTER:reg0| ; 0 (0)             ; 1 (1)        ; 0           ; 0            ; 0       ; 0         ; 0    ; 0            ; |MUL|REG32bit:regA|REG16bit:REG0|REG8bit:REG0|REG:reg4|REGISTER:reg0    ; work         ;
;             |REG:reg5|         ; 0 (0)             ; 1 (0)        ; 0           ; 0            ; 0       ; 0         ; 0    ; 0            ; |MUL|REG32bit:regA|REG16bit:REG0|REG8bit:REG0|REG:reg5                  ; work         ;
;                |REGISTER:reg0| ; 0 (0)             ; 1 (1)        ; 0           ; 0            ; 0       ; 0         ; 0    ; 0            ; |MUL|REG32bit:regA|REG16bit:REG0|REG8bit:REG0|REG:reg5|REGISTER:reg0    ; work         ;
;             |REG:reg6|         ; 0 (0)             ; 1 (0)        ; 0           ; 0            ; 0       ; 0         ; 0    ; 0            ; |MUL|REG32bit:regA|REG16bit:REG0|REG8bit:REG0|REG:reg6                  ; work         ;
;                |REGISTER:reg0| ; 0 (0)             ; 1 (1)        ; 0           ; 0            ; 0       ; 0         ; 0    ; 0            ; |MUL|REG32bit:regA|REG16bit:REG0|REG8bit:REG0|REG:reg6|REGISTER:reg0    ; work         ;
;             |REG:reg7|         ; 0 (0)             ; 1 (0)        ; 0           ; 0            ; 0       ; 0         ; 0    ; 0            ; |MUL|REG32bit:regA|REG16bit:REG0|REG8bit:REG0|REG:reg7                  ; work         ;
;                |REGISTER:reg0| ; 0 (0)             ; 1 (1)        ; 0           ; 0            ; 0       ; 0         ; 0    ; 0            ; |MUL|REG32bit:regA|REG16bit:REG0|REG8bit:REG0|REG:reg7|REGISTER:reg0    ; work         ;
;          |REG8bit:REG1|        ; 0 (0)             ; 8 (0)        ; 0           ; 0            ; 0       ; 0         ; 0    ; 0            ; |MUL|REG32bit:regA|REG16bit:REG0|REG8bit:REG1                           ; work         ;
;             |REG:reg0|         ; 0 (0)             ; 1 (0)        ; 0           ; 0            ; 0       ; 0         ; 0    ; 0            ; |MUL|REG32bit:regA|REG16bit:REG0|REG8bit:REG1|REG:reg0                  ; work         ;
;                |REGISTER:reg0| ; 0 (0)             ; 1 (1)        ; 0           ; 0            ; 0       ; 0         ; 0    ; 0            ; |MUL|REG32bit:regA|REG16bit:REG0|REG8bit:REG1|REG:reg0|REGISTER:reg0    ; work         ;
;             |REG:reg1|         ; 0 (0)             ; 1 (0)        ; 0           ; 0            ; 0       ; 0         ; 0    ; 0            ; |MUL|REG32bit:regA|REG16bit:REG0|REG8bit:REG1|REG:reg1                  ; work         ;
;                |REGISTER:reg0| ; 0 (0)             ; 1 (1)        ; 0           ; 0            ; 0       ; 0         ; 0    ; 0            ; |MUL|REG32bit:regA|REG16bit:REG0|REG8bit:REG1|REG:reg1|REGISTER:reg0    ; work         ;
;             |REG:reg2|         ; 0 (0)             ; 1 (0)        ; 0           ; 0            ; 0       ; 0         ; 0    ; 0            ; |MUL|REG32bit:regA|REG16bit:REG0|REG8bit:REG1|REG:reg2                  ; work         ;
;                |REGISTER:reg0| ; 0 (0)             ; 1 (1)        ; 0           ; 0            ; 0       ; 0         ; 0    ; 0            ; |MUL|REG32bit:regA|REG16bit:REG0|REG8bit:REG1|REG:reg2|REGISTER:reg0    ; work         ;
;             |REG:reg3|         ; 0 (0)             ; 1 (0)        ; 0           ; 0            ; 0       ; 0         ; 0    ; 0            ; |MUL|REG32bit:regA|REG16bit:REG0|REG8bit:REG1|REG:reg3                  ; work         ;
;                |REGISTER:reg0| ; 0 (0)             ; 1 (1)        ; 0           ; 0            ; 0       ; 0         ; 0    ; 0            ; |MUL|REG32bit:regA|REG16bit:REG0|REG8bit:REG1|REG:reg3|REGISTER:reg0    ; work         ;
;             |REG:reg4|         ; 0 (0)             ; 1 (0)        ; 0           ; 0            ; 0       ; 0         ; 0    ; 0            ; |MUL|REG32bit:regA|REG16bit:REG0|REG8bit:REG1|REG:reg4                  ; work         ;
;                |REGISTER:reg0| ; 0 (0)             ; 1 (1)        ; 0           ; 0            ; 0       ; 0         ; 0    ; 0            ; |MUL|REG32bit:regA|REG16bit:REG0|REG8bit:REG1|REG:reg4|REGISTER:reg0    ; work         ;
;             |REG:reg5|         ; 0 (0)             ; 1 (0)        ; 0           ; 0            ; 0       ; 0         ; 0    ; 0            ; |MUL|REG32bit:regA|REG16bit:REG0|REG8bit:REG1|REG:reg5                  ; work         ;
;                |REGISTER:reg0| ; 0 (0)             ; 1 (1)        ; 0           ; 0            ; 0       ; 0         ; 0    ; 0            ; |MUL|REG32bit:regA|REG16bit:REG0|REG8bit:REG1|REG:reg5|REGISTER:reg0    ; work         ;
;             |REG:reg6|         ; 0 (0)             ; 1 (0)        ; 0           ; 0            ; 0       ; 0         ; 0    ; 0            ; |MUL|REG32bit:regA|REG16bit:REG0|REG8bit:REG1|REG:reg6                  ; work         ;
;                |REGISTER:reg0| ; 0 (0)             ; 1 (1)        ; 0           ; 0            ; 0       ; 0         ; 0    ; 0            ; |MUL|REG32bit:regA|REG16bit:REG0|REG8bit:REG1|REG:reg6|REGISTER:reg0    ; work         ;
;             |REG:reg7|         ; 0 (0)             ; 1 (0)        ; 0           ; 0            ; 0       ; 0         ; 0    ; 0            ; |MUL|REG32bit:regA|REG16bit:REG0|REG8bit:REG1|REG:reg7                  ; work         ;
;                |REGISTER:reg0| ; 0 (0)             ; 1 (1)        ; 0           ; 0            ; 0       ; 0         ; 0    ; 0            ; |MUL|REG32bit:regA|REG16bit:REG0|REG8bit:REG1|REG:reg7|REGISTER:reg0    ; work         ;
;       |REG16bit:REG1|          ; 0 (0)             ; 16 (0)       ; 0           ; 0            ; 0       ; 0         ; 0    ; 0            ; |MUL|REG32bit:regA|REG16bit:REG1                                        ; work         ;
;          |REG8bit:REG0|        ; 0 (0)             ; 8 (0)        ; 0           ; 0            ; 0       ; 0         ; 0    ; 0            ; |MUL|REG32bit:regA|REG16bit:REG1|REG8bit:REG0                           ; work         ;
;             |REG:reg0|         ; 0 (0)             ; 1 (0)        ; 0           ; 0            ; 0       ; 0         ; 0    ; 0            ; |MUL|REG32bit:regA|REG16bit:REG1|REG8bit:REG0|REG:reg0                  ; work         ;
;                |REGISTER:reg0| ; 0 (0)             ; 1 (1)        ; 0           ; 0            ; 0       ; 0         ; 0    ; 0            ; |MUL|REG32bit:regA|REG16bit:REG1|REG8bit:REG0|REG:reg0|REGISTER:reg0    ; work         ;
;             |REG:reg1|         ; 0 (0)             ; 1 (0)        ; 0           ; 0            ; 0       ; 0         ; 0    ; 0            ; |MUL|REG32bit:regA|REG16bit:REG1|REG8bit:REG0|REG:reg1                  ; work         ;
;                |REGISTER:reg0| ; 0 (0)             ; 1 (1)        ; 0           ; 0            ; 0       ; 0         ; 0    ; 0            ; |MUL|REG32bit:regA|REG16bit:REG1|REG8bit:REG0|REG:reg1|REGISTER:reg0    ; work         ;
;             |REG:reg2|         ; 0 (0)             ; 1 (0)        ; 0           ; 0            ; 0       ; 0         ; 0    ; 0            ; |MUL|REG32bit:regA|REG16bit:REG1|REG8bit:REG0|REG:reg2                  ; work         ;
;                |REGISTER:reg0| ; 0 (0)             ; 1 (1)        ; 0           ; 0            ; 0       ; 0         ; 0    ; 0            ; |MUL|REG32bit:regA|REG16bit:REG1|REG8bit:REG0|REG:reg2|REGISTER:reg0    ; work         ;
;             |REG:reg3|         ; 0 (0)             ; 1 (0)        ; 0           ; 0            ; 0       ; 0         ; 0    ; 0            ; |MUL|REG32bit:regA|REG16bit:REG1|REG8bit:REG0|REG:reg3                  ; work         ;
;                |REGISTER:reg0| ; 0 (0)             ; 1 (1)        ; 0           ; 0            ; 0       ; 0         ; 0    ; 0            ; |MUL|REG32bit:regA|REG16bit:REG1|REG8bit:REG0|REG:reg3|REGISTER:reg0    ; work         ;
;             |REG:reg4|         ; 0 (0)             ; 1 (0)        ; 0           ; 0            ; 0       ; 0         ; 0    ; 0            ; |MUL|REG32bit:regA|REG16bit:REG1|REG8bit:REG0|REG:reg4                  ; work         ;
;                |REGISTER:reg0| ; 0 (0)             ; 1 (1)        ; 0           ; 0            ; 0       ; 0         ; 0    ; 0            ; |MUL|REG32bit:regA|REG16bit:REG1|REG8bit:REG0|REG:reg4|REGISTER:reg0    ; work         ;
;             |REG:reg5|         ; 0 (0)             ; 1 (0)        ; 0           ; 0            ; 0       ; 0         ; 0    ; 0            ; |MUL|REG32bit:regA|REG16bit:REG1|REG8bit:REG0|REG:reg5                  ; work         ;
;                |REGISTER:reg0| ; 0 (0)             ; 1 (1)        ; 0           ; 0            ; 0       ; 0         ; 0    ; 0            ; |MUL|REG32bit:regA|REG16bit:REG1|REG8bit:REG0|REG:reg5|REGISTER:reg0    ; work         ;
;             |REG:reg6|         ; 0 (0)             ; 1 (0)        ; 0           ; 0            ; 0       ; 0         ; 0    ; 0            ; |MUL|REG32bit:regA|REG16bit:REG1|REG8bit:REG0|REG:reg6                  ; work         ;
;                |REGISTER:reg0| ; 0 (0)             ; 1 (1)        ; 0           ; 0            ; 0       ; 0         ; 0    ; 0            ; |MUL|REG32bit:regA|REG16bit:REG1|REG8bit:REG0|REG:reg6|REGISTER:reg0    ; work         ;
;             |REG:reg7|         ; 0 (0)             ; 1 (0)        ; 0           ; 0            ; 0       ; 0         ; 0    ; 0            ; |MUL|REG32bit:regA|REG16bit:REG1|REG8bit:REG0|REG:reg7                  ; work         ;
;                |REGISTER:reg0| ; 0 (0)             ; 1 (1)        ; 0           ; 0            ; 0       ; 0         ; 0    ; 0            ; |MUL|REG32bit:regA|REG16bit:REG1|REG8bit:REG0|REG:reg7|REGISTER:reg0    ; work         ;
;          |REG8bit:REG1|        ; 0 (0)             ; 8 (0)        ; 0           ; 0            ; 0       ; 0         ; 0    ; 0            ; |MUL|REG32bit:regA|REG16bit:REG1|REG8bit:REG1                           ; work         ;
;             |REG:reg0|         ; 0 (0)             ; 1 (0)        ; 0           ; 0            ; 0       ; 0         ; 0    ; 0            ; |MUL|REG32bit:regA|REG16bit:REG1|REG8bit:REG1|REG:reg0                  ; work         ;
;                |REGISTER:reg0| ; 0 (0)             ; 1 (1)        ; 0           ; 0            ; 0       ; 0         ; 0    ; 0            ; |MUL|REG32bit:regA|REG16bit:REG1|REG8bit:REG1|REG:reg0|REGISTER:reg0    ; work         ;
;             |REG:reg1|         ; 0 (0)             ; 1 (0)        ; 0           ; 0            ; 0       ; 0         ; 0    ; 0            ; |MUL|REG32bit:regA|REG16bit:REG1|REG8bit:REG1|REG:reg1                  ; work         ;
;                |REGISTER:reg0| ; 0 (0)             ; 1 (1)        ; 0           ; 0            ; 0       ; 0         ; 0    ; 0            ; |MUL|REG32bit:regA|REG16bit:REG1|REG8bit:REG1|REG:reg1|REGISTER:reg0    ; work         ;
;             |REG:reg2|         ; 0 (0)             ; 1 (0)        ; 0           ; 0            ; 0       ; 0         ; 0    ; 0            ; |MUL|REG32bit:regA|REG16bit:REG1|REG8bit:REG1|REG:reg2                  ; work         ;
;                |REGISTER:reg0| ; 0 (0)             ; 1 (1)        ; 0           ; 0            ; 0       ; 0         ; 0    ; 0            ; |MUL|REG32bit:regA|REG16bit:REG1|REG8bit:REG1|REG:reg2|REGISTER:reg0    ; work         ;
;             |REG:reg3|         ; 0 (0)             ; 1 (0)        ; 0           ; 0            ; 0       ; 0         ; 0    ; 0            ; |MUL|REG32bit:regA|REG16bit:REG1|REG8bit:REG1|REG:reg3                  ; work         ;
;                |REGISTER:reg0| ; 0 (0)             ; 1 (1)        ; 0           ; 0            ; 0       ; 0         ; 0    ; 0            ; |MUL|REG32bit:regA|REG16bit:REG1|REG8bit:REG1|REG:reg3|REGISTER:reg0    ; work         ;
;             |REG:reg4|         ; 0 (0)             ; 1 (0)        ; 0           ; 0            ; 0       ; 0         ; 0    ; 0            ; |MUL|REG32bit:regA|REG16bit:REG1|REG8bit:REG1|REG:reg4                  ; work         ;
;                |REGISTER:reg0| ; 0 (0)             ; 1 (1)        ; 0           ; 0            ; 0       ; 0         ; 0    ; 0            ; |MUL|REG32bit:regA|REG16bit:REG1|REG8bit:REG1|REG:reg4|REGISTER:reg0    ; work         ;
;             |REG:reg5|         ; 0 (0)             ; 1 (0)        ; 0           ; 0            ; 0       ; 0         ; 0    ; 0            ; |MUL|REG32bit:regA|REG16bit:REG1|REG8bit:REG1|REG:reg5                  ; work         ;
;                |REGISTER:reg0| ; 0 (0)             ; 1 (1)        ; 0           ; 0            ; 0       ; 0         ; 0    ; 0            ; |MUL|REG32bit:regA|REG16bit:REG1|REG8bit:REG1|REG:reg5|REGISTER:reg0    ; work         ;
;             |REG:reg6|         ; 0 (0)             ; 1 (0)        ; 0           ; 0            ; 0       ; 0         ; 0    ; 0            ; |MUL|REG32bit:regA|REG16bit:REG1|REG8bit:REG1|REG:reg6                  ; work         ;
;                |REGISTER:reg0| ; 0 (0)             ; 1 (1)        ; 0           ; 0            ; 0       ; 0         ; 0    ; 0            ; |MUL|REG32bit:regA|REG16bit:REG1|REG8bit:REG1|REG:reg6|REGISTER:reg0    ; work         ;
;             |REG:reg7|         ; 0 (0)             ; 1 (0)        ; 0           ; 0            ; 0       ; 0         ; 0    ; 0            ; |MUL|REG32bit:regA|REG16bit:REG1|REG8bit:REG1|REG:reg7                  ; work         ;
;                |REGISTER:reg0| ; 0 (0)             ; 1 (1)        ; 0           ; 0            ; 0       ; 0         ; 0    ; 0            ; |MUL|REG32bit:regA|REG16bit:REG1|REG8bit:REG1|REG:reg7|REGISTER:reg0    ; work         ;
;    |REG32bit:regTemp|          ; 0 (0)             ; 32 (0)       ; 0           ; 0            ; 0       ; 0         ; 0    ; 0            ; |MUL|REG32bit:regTemp                                                   ; work         ;
;       |REG16bit:REG0|          ; 0 (0)             ; 16 (0)       ; 0           ; 0            ; 0       ; 0         ; 0    ; 0            ; |MUL|REG32bit:regTemp|REG16bit:REG0                                     ; work         ;
;          |REG8bit:REG0|        ; 0 (0)             ; 8 (0)        ; 0           ; 0            ; 0       ; 0         ; 0    ; 0            ; |MUL|REG32bit:regTemp|REG16bit:REG0|REG8bit:REG0                        ; work         ;
;             |REG:reg0|         ; 0 (0)             ; 1 (0)        ; 0           ; 0            ; 0       ; 0         ; 0    ; 0            ; |MUL|REG32bit:regTemp|REG16bit:REG0|REG8bit:REG0|REG:reg0               ; work         ;
;                |REGISTER:reg0| ; 0 (0)             ; 1 (1)        ; 0           ; 0            ; 0       ; 0         ; 0    ; 0            ; |MUL|REG32bit:regTemp|REG16bit:REG0|REG8bit:REG0|REG:reg0|REGISTER:reg0 ; work         ;
;             |REG:reg1|         ; 0 (0)             ; 1 (0)        ; 0           ; 0            ; 0       ; 0         ; 0    ; 0            ; |MUL|REG32bit:regTemp|REG16bit:REG0|REG8bit:REG0|REG:reg1               ; work         ;
;                |REGISTER:reg0| ; 0 (0)             ; 1 (1)        ; 0           ; 0            ; 0       ; 0         ; 0    ; 0            ; |MUL|REG32bit:regTemp|REG16bit:REG0|REG8bit:REG0|REG:reg1|REGISTER:reg0 ; work         ;
;             |REG:reg2|         ; 0 (0)             ; 1 (0)        ; 0           ; 0            ; 0       ; 0         ; 0    ; 0            ; |MUL|REG32bit:regTemp|REG16bit:REG0|REG8bit:REG0|REG:reg2               ; work         ;
;                |REGISTER:reg0| ; 0 (0)             ; 1 (1)        ; 0           ; 0            ; 0       ; 0         ; 0    ; 0            ; |MUL|REG32bit:regTemp|REG16bit:REG0|REG8bit:REG0|REG:reg2|REGISTER:reg0 ; work         ;
;             |REG:reg3|         ; 0 (0)             ; 1 (0)        ; 0           ; 0            ; 0       ; 0         ; 0    ; 0            ; |MUL|REG32bit:regTemp|REG16bit:REG0|REG8bit:REG0|REG:reg3               ; work         ;
;                |REGISTER:reg0| ; 0 (0)             ; 1 (1)        ; 0           ; 0            ; 0       ; 0         ; 0    ; 0            ; |MUL|REG32bit:regTemp|REG16bit:REG0|REG8bit:REG0|REG:reg3|REGISTER:reg0 ; work         ;
;             |REG:reg4|         ; 0 (0)             ; 1 (0)        ; 0           ; 0            ; 0       ; 0         ; 0    ; 0            ; |MUL|REG32bit:regTemp|REG16bit:REG0|REG8bit:REG0|REG:reg4               ; work         ;
;                |REGISTER:reg0| ; 0 (0)             ; 1 (1)        ; 0           ; 0            ; 0       ; 0         ; 0    ; 0            ; |MUL|REG32bit:regTemp|REG16bit:REG0|REG8bit:REG0|REG:reg4|REGISTER:reg0 ; work         ;
;             |REG:reg5|         ; 0 (0)             ; 1 (0)        ; 0           ; 0            ; 0       ; 0         ; 0    ; 0            ; |MUL|REG32bit:regTemp|REG16bit:REG0|REG8bit:REG0|REG:reg5               ; work         ;
;                |REGISTER:reg0| ; 0 (0)             ; 1 (1)        ; 0           ; 0            ; 0       ; 0         ; 0    ; 0            ; |MUL|REG32bit:regTemp|REG16bit:REG0|REG8bit:REG0|REG:reg5|REGISTER:reg0 ; work         ;
;             |REG:reg6|         ; 0 (0)             ; 1 (0)        ; 0           ; 0            ; 0       ; 0         ; 0    ; 0            ; |MUL|REG32bit:regTemp|REG16bit:REG0|REG8bit:REG0|REG:reg6               ; work         ;
;                |REGISTER:reg0| ; 0 (0)             ; 1 (1)        ; 0           ; 0            ; 0       ; 0         ; 0    ; 0            ; |MUL|REG32bit:regTemp|REG16bit:REG0|REG8bit:REG0|REG:reg6|REGISTER:reg0 ; work         ;
;             |REG:reg7|         ; 0 (0)             ; 1 (0)        ; 0           ; 0            ; 0       ; 0         ; 0    ; 0            ; |MUL|REG32bit:regTemp|REG16bit:REG0|REG8bit:REG0|REG:reg7               ; work         ;
;                |REGISTER:reg0| ; 0 (0)             ; 1 (1)        ; 0           ; 0            ; 0       ; 0         ; 0    ; 0            ; |MUL|REG32bit:regTemp|REG16bit:REG0|REG8bit:REG0|REG:reg7|REGISTER:reg0 ; work         ;
;          |REG8bit:REG1|        ; 0 (0)             ; 8 (0)        ; 0           ; 0            ; 0       ; 0         ; 0    ; 0            ; |MUL|REG32bit:regTemp|REG16bit:REG0|REG8bit:REG1                        ; work         ;
;             |REG:reg0|         ; 0 (0)             ; 1 (0)        ; 0           ; 0            ; 0       ; 0         ; 0    ; 0            ; |MUL|REG32bit:regTemp|REG16bit:REG0|REG8bit:REG1|REG:reg0               ; work         ;
;                |REGISTER:reg0| ; 0 (0)             ; 1 (1)        ; 0           ; 0            ; 0       ; 0         ; 0    ; 0            ; |MUL|REG32bit:regTemp|REG16bit:REG0|REG8bit:REG1|REG:reg0|REGISTER:reg0 ; work         ;
;             |REG:reg1|         ; 0 (0)             ; 1 (0)        ; 0           ; 0            ; 0       ; 0         ; 0    ; 0            ; |MUL|REG32bit:regTemp|REG16bit:REG0|REG8bit:REG1|REG:reg1               ; work         ;
;                |REGISTER:reg0| ; 0 (0)             ; 1 (1)        ; 0           ; 0            ; 0       ; 0         ; 0    ; 0            ; |MUL|REG32bit:regTemp|REG16bit:REG0|REG8bit:REG1|REG:reg1|REGISTER:reg0 ; work         ;
;             |REG:reg2|         ; 0 (0)             ; 1 (0)        ; 0           ; 0            ; 0       ; 0         ; 0    ; 0            ; |MUL|REG32bit:regTemp|REG16bit:REG0|REG8bit:REG1|REG:reg2               ; work         ;
;                |REGISTER:reg0| ; 0 (0)             ; 1 (1)        ; 0           ; 0            ; 0       ; 0         ; 0    ; 0            ; |MUL|REG32bit:regTemp|REG16bit:REG0|REG8bit:REG1|REG:reg2|REGISTER:reg0 ; work         ;
;             |REG:reg3|         ; 0 (0)             ; 1 (0)        ; 0           ; 0            ; 0       ; 0         ; 0    ; 0            ; |MUL|REG32bit:regTemp|REG16bit:REG0|REG8bit:REG1|REG:reg3               ; work         ;
;                |REGISTER:reg0| ; 0 (0)             ; 1 (1)        ; 0           ; 0            ; 0       ; 0         ; 0    ; 0            ; |MUL|REG32bit:regTemp|REG16bit:REG0|REG8bit:REG1|REG:reg3|REGISTER:reg0 ; work         ;
;             |REG:reg4|         ; 0 (0)             ; 1 (0)        ; 0           ; 0            ; 0       ; 0         ; 0    ; 0            ; |MUL|REG32bit:regTemp|REG16bit:REG0|REG8bit:REG1|REG:reg4               ; work         ;
;                |REGISTER:reg0| ; 0 (0)             ; 1 (1)        ; 0           ; 0            ; 0       ; 0         ; 0    ; 0            ; |MUL|REG32bit:regTemp|REG16bit:REG0|REG8bit:REG1|REG:reg4|REGISTER:reg0 ; work         ;
;             |REG:reg5|         ; 0 (0)             ; 1 (0)        ; 0           ; 0            ; 0       ; 0         ; 0    ; 0            ; |MUL|REG32bit:regTemp|REG16bit:REG0|REG8bit:REG1|REG:reg5               ; work         ;
;                |REGISTER:reg0| ; 0 (0)             ; 1 (1)        ; 0           ; 0            ; 0       ; 0         ; 0    ; 0            ; |MUL|REG32bit:regTemp|REG16bit:REG0|REG8bit:REG1|REG:reg5|REGISTER:reg0 ; work         ;
;             |REG:reg6|         ; 0 (0)             ; 1 (0)        ; 0           ; 0            ; 0       ; 0         ; 0    ; 0            ; |MUL|REG32bit:regTemp|REG16bit:REG0|REG8bit:REG1|REG:reg6               ; work         ;
;                |REGISTER:reg0| ; 0 (0)             ; 1 (1)        ; 0           ; 0            ; 0       ; 0         ; 0    ; 0            ; |MUL|REG32bit:regTemp|REG16bit:REG0|REG8bit:REG1|REG:reg6|REGISTER:reg0 ; work         ;
;             |REG:reg7|         ; 0 (0)             ; 1 (0)        ; 0           ; 0            ; 0       ; 0         ; 0    ; 0            ; |MUL|REG32bit:regTemp|REG16bit:REG0|REG8bit:REG1|REG:reg7               ; work         ;
;                |REGISTER:reg0| ; 0 (0)             ; 1 (1)        ; 0           ; 0            ; 0       ; 0         ; 0    ; 0            ; |MUL|REG32bit:regTemp|REG16bit:REG0|REG8bit:REG1|REG:reg7|REGISTER:reg0 ; work         ;
;       |REG16bit:REG1|          ; 0 (0)             ; 16 (0)       ; 0           ; 0            ; 0       ; 0         ; 0    ; 0            ; |MUL|REG32bit:regTemp|REG16bit:REG1                                     ; work         ;
;          |REG8bit:REG0|        ; 0 (0)             ; 8 (0)        ; 0           ; 0            ; 0       ; 0         ; 0    ; 0            ; |MUL|REG32bit:regTemp|REG16bit:REG1|REG8bit:REG0                        ; work         ;
;             |REG:reg0|         ; 0 (0)             ; 1 (0)        ; 0           ; 0            ; 0       ; 0         ; 0    ; 0            ; |MUL|REG32bit:regTemp|REG16bit:REG1|REG8bit:REG0|REG:reg0               ; work         ;
;                |REGISTER:reg0| ; 0 (0)             ; 1 (1)        ; 0           ; 0            ; 0       ; 0         ; 0    ; 0            ; |MUL|REG32bit:regTemp|REG16bit:REG1|REG8bit:REG0|REG:reg0|REGISTER:reg0 ; work         ;
;             |REG:reg1|         ; 0 (0)             ; 1 (0)        ; 0           ; 0            ; 0       ; 0         ; 0    ; 0            ; |MUL|REG32bit:regTemp|REG16bit:REG1|REG8bit:REG0|REG:reg1               ; work         ;
;                |REGISTER:reg0| ; 0 (0)             ; 1 (1)        ; 0           ; 0            ; 0       ; 0         ; 0    ; 0            ; |MUL|REG32bit:regTemp|REG16bit:REG1|REG8bit:REG0|REG:reg1|REGISTER:reg0 ; work         ;
;             |REG:reg2|         ; 0 (0)             ; 1 (0)        ; 0           ; 0            ; 0       ; 0         ; 0    ; 0            ; |MUL|REG32bit:regTemp|REG16bit:REG1|REG8bit:REG0|REG:reg2               ; work         ;
;                |REGISTER:reg0| ; 0 (0)             ; 1 (1)        ; 0           ; 0            ; 0       ; 0         ; 0    ; 0            ; |MUL|REG32bit:regTemp|REG16bit:REG1|REG8bit:REG0|REG:reg2|REGISTER:reg0 ; work         ;
;             |REG:reg3|         ; 0 (0)             ; 1 (0)        ; 0           ; 0            ; 0       ; 0         ; 0    ; 0            ; |MUL|REG32bit:regTemp|REG16bit:REG1|REG8bit:REG0|REG:reg3               ; work         ;
;                |REGISTER:reg0| ; 0 (0)             ; 1 (1)        ; 0           ; 0            ; 0       ; 0         ; 0    ; 0            ; |MUL|REG32bit:regTemp|REG16bit:REG1|REG8bit:REG0|REG:reg3|REGISTER:reg0 ; work         ;
;             |REG:reg4|         ; 0 (0)             ; 1 (0)        ; 0           ; 0            ; 0       ; 0         ; 0    ; 0            ; |MUL|REG32bit:regTemp|REG16bit:REG1|REG8bit:REG0|REG:reg4               ; work         ;
;                |REGISTER:reg0| ; 0 (0)             ; 1 (1)        ; 0           ; 0            ; 0       ; 0         ; 0    ; 0            ; |MUL|REG32bit:regTemp|REG16bit:REG1|REG8bit:REG0|REG:reg4|REGISTER:reg0 ; work         ;
;             |REG:reg5|         ; 0 (0)             ; 1 (0)        ; 0           ; 0            ; 0       ; 0         ; 0    ; 0            ; |MUL|REG32bit:regTemp|REG16bit:REG1|REG8bit:REG0|REG:reg5               ; work         ;
;                |REGISTER:reg0| ; 0 (0)             ; 1 (1)        ; 0           ; 0            ; 0       ; 0         ; 0    ; 0            ; |MUL|REG32bit:regTemp|REG16bit:REG1|REG8bit:REG0|REG:reg5|REGISTER:reg0 ; work         ;
;             |REG:reg6|         ; 0 (0)             ; 1 (0)        ; 0           ; 0            ; 0       ; 0         ; 0    ; 0            ; |MUL|REG32bit:regTemp|REG16bit:REG1|REG8bit:REG0|REG:reg6               ; work         ;
;                |REGISTER:reg0| ; 0 (0)             ; 1 (1)        ; 0           ; 0            ; 0       ; 0         ; 0    ; 0            ; |MUL|REG32bit:regTemp|REG16bit:REG1|REG8bit:REG0|REG:reg6|REGISTER:reg0 ; work         ;
;             |REG:reg7|         ; 0 (0)             ; 1 (0)        ; 0           ; 0            ; 0       ; 0         ; 0    ; 0            ; |MUL|REG32bit:regTemp|REG16bit:REG1|REG8bit:REG0|REG:reg7               ; work         ;
;                |REGISTER:reg0| ; 0 (0)             ; 1 (1)        ; 0           ; 0            ; 0       ; 0         ; 0    ; 0            ; |MUL|REG32bit:regTemp|REG16bit:REG1|REG8bit:REG0|REG:reg7|REGISTER:reg0 ; work         ;
;          |REG8bit:REG1|        ; 0 (0)             ; 8 (0)        ; 0           ; 0            ; 0       ; 0         ; 0    ; 0            ; |MUL|REG32bit:regTemp|REG16bit:REG1|REG8bit:REG1                        ; work         ;
;             |REG:reg0|         ; 0 (0)             ; 1 (0)        ; 0           ; 0            ; 0       ; 0         ; 0    ; 0            ; |MUL|REG32bit:regTemp|REG16bit:REG1|REG8bit:REG1|REG:reg0               ; work         ;
;                |REGISTER:reg0| ; 0 (0)             ; 1 (1)        ; 0           ; 0            ; 0       ; 0         ; 0    ; 0            ; |MUL|REG32bit:regTemp|REG16bit:REG1|REG8bit:REG1|REG:reg0|REGISTER:reg0 ; work         ;
;             |REG:reg1|         ; 0 (0)             ; 1 (0)        ; 0           ; 0            ; 0       ; 0         ; 0    ; 0            ; |MUL|REG32bit:regTemp|REG16bit:REG1|REG8bit:REG1|REG:reg1               ; work         ;
;                |REGISTER:reg0| ; 0 (0)             ; 1 (1)        ; 0           ; 0            ; 0       ; 0         ; 0    ; 0            ; |MUL|REG32bit:regTemp|REG16bit:REG1|REG8bit:REG1|REG:reg1|REGISTER:reg0 ; work         ;
;             |REG:reg2|         ; 0 (0)             ; 1 (0)        ; 0           ; 0            ; 0       ; 0         ; 0    ; 0            ; |MUL|REG32bit:regTemp|REG16bit:REG1|REG8bit:REG1|REG:reg2               ; work         ;
;                |REGISTER:reg0| ; 0 (0)             ; 1 (1)        ; 0           ; 0            ; 0       ; 0         ; 0    ; 0            ; |MUL|REG32bit:regTemp|REG16bit:REG1|REG8bit:REG1|REG:reg2|REGISTER:reg0 ; work         ;
;             |REG:reg3|         ; 0 (0)             ; 1 (0)        ; 0           ; 0            ; 0       ; 0         ; 0    ; 0            ; |MUL|REG32bit:regTemp|REG16bit:REG1|REG8bit:REG1|REG:reg3               ; work         ;
;                |REGISTER:reg0| ; 0 (0)             ; 1 (1)        ; 0           ; 0            ; 0       ; 0         ; 0    ; 0            ; |MUL|REG32bit:regTemp|REG16bit:REG1|REG8bit:REG1|REG:reg3|REGISTER:reg0 ; work         ;
;             |REG:reg4|         ; 0 (0)             ; 1 (0)        ; 0           ; 0            ; 0       ; 0         ; 0    ; 0            ; |MUL|REG32bit:regTemp|REG16bit:REG1|REG8bit:REG1|REG:reg4               ; work         ;
;                |REGISTER:reg0| ; 0 (0)             ; 1 (1)        ; 0           ; 0            ; 0       ; 0         ; 0    ; 0            ; |MUL|REG32bit:regTemp|REG16bit:REG1|REG8bit:REG1|REG:reg4|REGISTER:reg0 ; work         ;
;             |REG:reg5|         ; 0 (0)             ; 1 (0)        ; 0           ; 0            ; 0       ; 0         ; 0    ; 0            ; |MUL|REG32bit:regTemp|REG16bit:REG1|REG8bit:REG1|REG:reg5               ; work         ;
;                |REGISTER:reg0| ; 0 (0)             ; 1 (1)        ; 0           ; 0            ; 0       ; 0         ; 0    ; 0            ; |MUL|REG32bit:regTemp|REG16bit:REG1|REG8bit:REG1|REG:reg5|REGISTER:reg0 ; work         ;
;             |REG:reg6|         ; 0 (0)             ; 1 (0)        ; 0           ; 0            ; 0       ; 0         ; 0    ; 0            ; |MUL|REG32bit:regTemp|REG16bit:REG1|REG8bit:REG1|REG:reg6               ; work         ;
;                |REGISTER:reg0| ; 0 (0)             ; 1 (1)        ; 0           ; 0            ; 0       ; 0         ; 0    ; 0            ; |MUL|REG32bit:regTemp|REG16bit:REG1|REG8bit:REG1|REG:reg6|REGISTER:reg0 ; work         ;
;             |REG:reg7|         ; 0 (0)             ; 1 (0)        ; 0           ; 0            ; 0       ; 0         ; 0    ; 0            ; |MUL|REG32bit:regTemp|REG16bit:REG1|REG8bit:REG1|REG:reg7               ; work         ;
;                |REGISTER:reg0| ; 0 (0)             ; 1 (1)        ; 0           ; 0            ; 0       ; 0         ; 0    ; 0            ; |MUL|REG32bit:regTemp|REG16bit:REG1|REG8bit:REG1|REG:reg7|REGISTER:reg0 ; work         ;
+--------------------------------+-------------------+--------------+-------------+--------------+---------+-----------+------+--------------+-------------------------------------------------------------------------+--------------+
Note: For table entries with two numbers listed, the numbers in parentheses indicate the number of resources of the given type used by the specific entity alone. The numbers listed outside of parentheses indicate the total resources of the given type used by the specific entity and all of its sub-entities in the hierarchy.


+------------------------------------------------------+
; General Register Statistics                          ;
+----------------------------------------------+-------+
; Statistic                                    ; Value ;
+----------------------------------------------+-------+
; Total registers                              ; 80    ;
; Number of registers using Synchronous Clear  ; 0     ;
; Number of registers using Synchronous Load   ; 0     ;
; Number of registers using Asynchronous Clear ; 80    ;
; Number of registers using Asynchronous Load  ; 0     ;
; Number of registers using Clock Enable       ; 80    ;
; Number of registers using Preset             ; 0     ;
+----------------------------------------------+-------+


+-------------------------------------------+
; Port Connectivity Checks: "OR16:getReady" ;
+--------+-------+----------+---------------+
; Port   ; Type  ; Severity ; Details       ;
+--------+-------+----------+---------------+
; IN[15] ; Input ; Info     ; Stuck at GND  ;
+--------+-------+----------+---------------+


+----------------------------------------------------------------------------------------------------------------+
; Port Connectivity Checks: "CAS32bit:CAS80|CAS16bit:CAS1"                                                       ;
+------+--------+----------+-------------------------------------------------------------------------------------+
; Port ; Type   ; Severity ; Details                                                                             ;
+------+--------+----------+-------------------------------------------------------------------------------------+
; cout ; Output ; Info     ; Connected to dangling logic. Logic that only feeds a dangling port will be removed. ;
+------+--------+----------+-------------------------------------------------------------------------------------+


+----------------------------------------------------------------------------------------------------------------+
; Port Connectivity Checks: "CAS32bit:CAS80|CAS16bit:CAS0|CAS8bit:CAS1"                                          ;
+------+--------+----------+-------------------------------------------------------------------------------------+
; Port ; Type   ; Severity ; Details                                                                             ;
+------+--------+----------+-------------------------------------------------------------------------------------+
; cout ; Output ; Info     ; Connected to dangling logic. Logic that only feeds a dangling port will be removed. ;
+------+--------+----------+-------------------------------------------------------------------------------------+


+----------------------------------------------------------------------------------------------------------------------------------------+
; Port Connectivity Checks: "CAS32bit:CAS80"                                                                                             ;
+---------+--------+----------+----------------------------------------------------------------------------------------------------------+
; Port    ; Type   ; Severity ; Details                                                                                                  ;
+---------+--------+----------+----------------------------------------------------------------------------------------------------------+
; control ; Input  ; Info     ; Stuck at GND                                                                                             ;
; cin     ; Input  ; Info     ; Stuck at GND                                                                                             ;
; cout    ; Output ; Warning  ; Declared by entity but not connected by instance. Logic that only feeds a dangling port will be removed. ;
+---------+--------+----------+----------------------------------------------------------------------------------------------------------+


+-------------------------------------------------------------------------------+
; Port Connectivity Checks: "REG16bit:regB|REG8bit:REG0|REG:reg7|REGISTER:reg0" ;
+------+-------+----------+-----------------------------------------------------+
; Port ; Type  ; Severity ; Details                                             ;
+------+-------+----------+-----------------------------------------------------+
; SET  ; Input ; Info     ; Stuck at GND                                        ;
+------+-------+----------+-----------------------------------------------------+


+-------------------------------+
; Elapsed Time Per Partition    ;
+----------------+--------------+
; Partition Name ; Elapsed Time ;
+----------------+--------------+
; Top            ; 00:00:00     ;
+----------------+--------------+


+-------------------------------+
; Analysis & Synthesis Messages ;
+-------------------------------+
Info: *******************************************************************
Info: Running Quartus II 64-Bit Analysis & Synthesis
    Info: Version 13.0.1 Build 232 06/12/2013 Service Pack 1 SJ Web Edition
    Info: Processing started: Tue Nov 29 20:38:47 2022
Info: Command: quartus_map --read_settings_files=on --write_settings_files=off lnx -c lnx
Warning (20028): Parallel compilation is not licensed and has been disabled
Info (12021): Found 1 design units, including 1 entities, in source file fa.v
    Info (12023): Found entity 1: FA
Info (12021): Found 1 design units, including 1 entities, in source file lnx.v
    Info (12023): Found entity 1: lnx
Info (12021): Found 1 design units, including 1 entities, in source file ha.v
    Info (12023): Found entity 1: HA
Info (12021): Found 1 design units, including 1 entities, in source file cas.v
    Info (12023): Found entity 1: CAS
Info (12021): Found 1 design units, including 1 entities, in source file cas8bit.v
    Info (12023): Found entity 1: CAS8bit
Info (12021): Found 1 design units, including 1 entities, in source file cas80bit.v
    Info (12023): Found entity 1: CAS80bit
Info (12021): Found 1 design units, including 1 entities, in source file getwait.v
    Info (12023): Found entity 1: GetWait
Info (12021): Found 1 design units, including 1 entities, in source file reg.v
    Info (12023): Found entity 1: REG
Info (12021): Found 1 design units, including 1 entities, in source file reg_rs1.v
    Info (12023): Found entity 1: REG_RS1
Info (12021): Found 1 design units, including 1 entities, in source file reg8bit.v
    Info (12023): Found entity 1: REG8bit
Info (12021): Found 1 design units, including 1 entities, in source file register.v
    Info (12023): Found entity 1: REGISTER
Info (12021): Found 1 design units, including 1 entities, in source file regat.v
    Info (12023): Found entity 1: RegAT
Info (12021): Found 1 design units, including 1 entities, in source file regp.v
    Info (12023): Found entity 1: RegP
Info (12021): Found 1 design units, including 1 entities, in source file regqb.v
    Info (12023): Found entity 1: RegQB
Info (12021): Found 1 design units, including 1 entities, in source file regs.v
    Info (12023): Found entity 1: RegS
Info (12021): Found 1 design units, including 1 entities, in source file regx.v
    Info (12023): Found entity 1: regX
Warning (10275): Verilog HDL Module Instantiation warning at MUL.v(27): ignored dangling comma in List of Port Connections
Info (12021): Found 1 design units, including 1 entities, in source file mul.v
    Info (12023): Found entity 1: MUL
Warning (10275): Verilog HDL Module Instantiation warning at DIV.v(11): ignored dangling comma in List of Port Connections
Warning (10275): Verilog HDL Module Instantiation warning at DIV.v(12): ignored dangling comma in List of Port Connections
Warning (10275): Verilog HDL Module Instantiation warning at DIV.v(13): ignored dangling comma in List of Port Connections
Warning (10275): Verilog HDL Module Instantiation warning at DIV.v(14): ignored dangling comma in List of Port Connections
Warning (10275): Verilog HDL Module Instantiation warning at DIV.v(15): ignored dangling comma in List of Port Connections
Warning (10275): Verilog HDL Module Instantiation warning at DIV.v(16): ignored dangling comma in List of Port Connections
Warning (10275): Verilog HDL Module Instantiation warning at DIV.v(17): ignored dangling comma in List of Port Connections
Warning (10275): Verilog HDL Module Instantiation warning at DIV.v(18): ignored dangling comma in List of Port Connections
Warning (10275): Verilog HDL Module Instantiation warning at DIV.v(19): ignored dangling comma in List of Port Connections
Info (12021): Found 1 design units, including 1 entities, in source file div.v
    Info (12023): Found entity 1: DIV
Info (12021): Found 1 design units, including 1 entities, in source file androw.v
    Info (12023): Found entity 1: AndRow
Info (12021): Found 1 design units, including 1 entities, in source file cas7bit.v
    Info (12023): Found entity 1: CAS7bit
Info (12021): Found 1 design units, including 1 entities, in source file tristate.v
    Info (12023): Found entity 1: Tristate
Warning (10275): Verilog HDL Module Instantiation warning at Datapath.v(51): ignored dangling comma in List of Port Connections
Info (12021): Found 1 design units, including 1 entities, in source file datapath.v
    Info (12023): Found entity 1: Datapath
Warning (12090): Entity "MUX" obtained from "MUX.v" instead of from Quartus II megafunction library
Info (12021): Found 1 design units, including 1 entities, in source file mux.v
    Info (12023): Found entity 1: MUX
Info (12021): Found 1 design units, including 1 entities, in source file add.v
    Info (12023): Found entity 1: ADD
Info (12021): Found 1 design units, including 1 entities, in source file sub.v
    Info (12023): Found entity 1: SUB
Info (12021): Found 1 design units, including 1 entities, in source file counter.v
    Info (12023): Found entity 1: COUNTER
Info (12021): Found 1 design units, including 1 entities, in source file reg16bit.v
    Info (12023): Found entity 1: REG16bit
Info (12021): Found 1 design units, including 1 entities, in source file cas16bit.v
    Info (12023): Found entity 1: CAS16bit
Info (12021): Found 1 design units, including 1 entities, in source file or16.v
    Info (12023): Found entity 1: OR16
Info (12021): Found 1 design units, including 1 entities, in source file reg32bit.v
    Info (12023): Found entity 1: REG32bit
Info (12021): Found 1 design units, including 1 entities, in source file cas32bit.v
    Info (12023): Found entity 1: CAS32bit
Info (12021): Found 1 design units, including 1 entities, in source file cas17bit.v
    Info (12023): Found entity 1: CAS17bit
Info (12127): Elaborating entity "MUL" for the top level hierarchy
Info (12128): Elaborating entity "REG16bit" for hierarchy "REG16bit:regB"
Info (12128): Elaborating entity "REG8bit" for hierarchy "REG16bit:regB|REG8bit:REG0"
Info (12128): Elaborating entity "REG" for hierarchy "REG16bit:regB|REG8bit:REG0|REG:reg7"
Info (12128): Elaborating entity "REGISTER" for hierarchy "REG16bit:regB|REG8bit:REG0|REG:reg7|REGISTER:reg0"
Info (12128): Elaborating entity "REG32bit" for hierarchy "REG32bit:regA"
Info (12128): Elaborating entity "AndRow" for hierarchy "AndRow:Row0"
Info (12128): Elaborating entity "CAS32bit" for hierarchy "CAS32bit:CAS80"
Warning (10034): Output port "cout" at CAS32bit.v(5) has no driver
Info (12128): Elaborating entity "CAS16bit" for hierarchy "CAS32bit:CAS80|CAS16bit:CAS0"
Warning (10034): Output port "cout" at CAS16bit.v(5) has no driver
Info (12128): Elaborating entity "CAS8bit" for hierarchy "CAS32bit:CAS80|CAS16bit:CAS0|CAS8bit:CAS0"
Info (12128): Elaborating entity "CAS" for hierarchy "CAS32bit:CAS80|CAS16bit:CAS0|CAS8bit:CAS0|CAS:CAS0"
Info (12128): Elaborating entity "FA" for hierarchy "CAS32bit:CAS80|CAS16bit:CAS0|CAS8bit:CAS0|CAS:CAS0|FA:FA0"
Info (12128): Elaborating entity "OR16" for hierarchy "OR16:getReady"
Warning (12241): 1 hierarchies have connectivity warnings - see the Connectivity Checks report folder
Info (144001): Generated suppressed messages file D:/CE213-TKHTSHDL/LT/Lnx/output_files/lnx.map.smsg
Info (16010): Generating hard_block partition "hard_block:auto_generated_inst"
    Info (16011): Adding 0 node(s), including 0 DDIO, 0 PLL, 0 transceiver and 0 LCELL
Info (21057): Implemented 243 device resources after synthesis - the final resource count might be different
    Info (21058): Implemented 35 input pins
    Info (21059): Implemented 34 output pins
    Info (21061): Implemented 174 logic cells
Info: Quartus II 64-Bit Analysis & Synthesis was successful. 0 errors, 16 warnings
    Info: Peak virtual memory: 4594 megabytes
    Info: Processing ended: Tue Nov 29 20:38:49 2022
    Info: Elapsed time: 00:00:02
    Info: Total CPU time (on all processors): 00:00:01


+------------------------------------------+
; Analysis & Synthesis Suppressed Messages ;
+------------------------------------------+
The suppressed messages can be found in D:/CE213-TKHTSHDL/LT/Lnx/output_files/lnx.map.smsg.


