Analysis & Synthesis report for Data_pipeline_Beha
Wed Nov 30 11:52:26 2022
Quartus II 64-Bit Version 13.0.1 Build 232 06/12/2013 Service Pack 1 SJ Web Edition


---------------------
; Table of Contents ;
---------------------
  1. Legal Notice
  2. Analysis & Synthesis Summary
  3. Analysis & Synthesis Settings
  4. Parallel Compilation
  5. Analysis & Synthesis Source Files Read
  6. Analysis & Synthesis Resource Usage Summary
  7. Analysis & Synthesis Resource Utilization by Entity
  8. User-Specified and Inferred Latches
  9. General Register Statistics
 10. Multiplexer Restructuring Statistics (Restructuring Performed)
 11. Elapsed Time Per Partition
 12. Analysis & Synthesis Messages
 13. Analysis & Synthesis Suppressed Messages



----------------
; Legal Notice ;
----------------
Copyright (C) 1991-2013 Altera Corporation
Your use of Altera Corporation's design tools, logic functions 
and other software and tools, and its AMPP partner logic 
functions, and any output files from any of the foregoing 
(including device programming or simulation files), and any 
associated documentation or information are expressly subject 
to the terms and conditions of the Altera Program License 
Subscription Agreement, Altera MegaCore Function License 
Agreement, or other applicable license agreement, including, 
without limitation, that your use is for the sole purpose of 
programming logic devices manufactured by Altera and sold by 
Altera or its authorized distributors.  Please refer to the 
applicable agreement for further details.



+--------------------------------------------------------------------------------------+
; Analysis & Synthesis Summary                                                         ;
+------------------------------------+-------------------------------------------------+
; Analysis & Synthesis Status        ; Successful - Wed Nov 30 11:52:26 2022           ;
; Quartus II 64-Bit Version          ; 13.0.1 Build 232 06/12/2013 SP 1 SJ Web Edition ;
; Revision Name                      ; Data_pipeline_Beha                              ;
; Top-level Entity Name              ; Controller                                      ;
; Family                             ; Cyclone II                                      ;
; Total logic elements               ; 40                                              ;
;     Total combinational functions  ; 40                                              ;
;     Dedicated logic registers      ; 4                                               ;
; Total registers                    ; 4                                               ;
; Total pins                         ; 28                                              ;
; Total virtual pins                 ; 0                                               ;
; Total memory bits                  ; 0                                               ;
; Embedded Multiplier 9-bit elements ; 0                                               ;
; Total PLLs                         ; 0                                               ;
+------------------------------------+-------------------------------------------------+


+----------------------------------------------------------------------------------------------------------------------+
; Analysis & Synthesis Settings                                                                                        ;
+----------------------------------------------------------------------------+--------------------+--------------------+
; Option                                                                     ; Setting            ; Default Value      ;
+----------------------------------------------------------------------------+--------------------+--------------------+
; Device                                                                     ; EP2C35F672C6       ;                    ;
; Top-level entity name                                                      ; Controller         ; Data_pipeline_Beha ;
; Family name                                                                ; Cyclone II         ; Cyclone IV GX      ;
; Use smart compilation                                                      ; Off                ; Off                ;
; Enable parallel Assembler and TimeQuest Timing Analyzer during compilation ; On                 ; On                 ;
; Enable compact report table                                                ; Off                ; Off                ;
; Restructure Multiplexers                                                   ; Auto               ; Auto               ;
; Create Debugging Nodes for IP Cores                                        ; Off                ; Off                ;
; Preserve fewer node names                                                  ; On                 ; On                 ;
; Disable OpenCore Plus hardware evaluation                                  ; Off                ; Off                ;
; Verilog Version                                                            ; Verilog_2001       ; Verilog_2001       ;
; VHDL Version                                                               ; VHDL_1993          ; VHDL_1993          ;
; State Machine Processing                                                   ; Auto               ; Auto               ;
; Safe State Machine                                                         ; Off                ; Off                ;
; Extract Verilog State Machines                                             ; On                 ; On                 ;
; Extract VHDL State Machines                                                ; On                 ; On                 ;
; Ignore Verilog initial constructs                                          ; Off                ; Off                ;
; Iteration limit for constant Verilog loops                                 ; 5000               ; 5000               ;
; Iteration limit for non-constant Verilog loops                             ; 250                ; 250                ;
; Add Pass-Through Logic to Inferred RAMs                                    ; On                 ; On                 ;
; Infer RAMs from Raw Logic                                                  ; On                 ; On                 ;
; Parallel Synthesis                                                         ; On                 ; On                 ;
; DSP Block Balancing                                                        ; Auto               ; Auto               ;
; NOT Gate Push-Back                                                         ; On                 ; On                 ;
; Power-Up Don't Care                                                        ; On                 ; On                 ;
; Remove Redundant Logic Cells                                               ; Off                ; Off                ;
; Remove Duplicate Registers                                                 ; On                 ; On                 ;
; Ignore CARRY Buffers                                                       ; Off                ; Off                ;
; Ignore CASCADE Buffers                                                     ; Off                ; Off                ;
; Ignore GLOBAL Buffers                                                      ; Off                ; Off                ;
; Ignore ROW GLOBAL Buffers                                                  ; Off                ; Off                ;
; Ignore LCELL Buffers                                                       ; Off                ; Off                ;
; Ignore SOFT Buffers                                                        ; On                 ; On                 ;
; Limit AHDL Integers to 32 Bits                                             ; Off                ; Off                ;
; Optimization Technique                                                     ; Balanced           ; Balanced           ;
; Carry Chain Length                                                         ; 70                 ; 70                 ;
; Auto Carry Chains                                                          ; On                 ; On                 ;
; Auto Open-Drain Pins                                                       ; On                 ; On                 ;
; Perform WYSIWYG Primitive Resynthesis                                      ; Off                ; Off                ;
; Auto ROM Replacement                                                       ; On                 ; On                 ;
; Auto RAM Replacement                                                       ; On                 ; On                 ;
; Auto Shift Register Replacement                                            ; Auto               ; Auto               ;
; Allow Shift Register Merging across Hierarchies                            ; Auto               ; Auto               ;
; Auto Clock Enable Replacement                                              ; On                 ; On                 ;
; Strict RAM Replacement                                                     ; Off                ; Off                ;
; Allow Synchronous Control Signals                                          ; On                 ; On                 ;
; Force Use of Synchronous Clear Signals                                     ; Off                ; Off                ;
; Auto RAM to Logic Cell Conversion                                          ; Off                ; Off                ;
; Auto Resource Sharing                                                      ; Off                ; Off                ;
; Allow Any RAM Size For Recognition                                         ; Off                ; Off                ;
; Allow Any ROM Size For Recognition                                         ; Off                ; Off                ;
; Allow Any Shift Register Size For Recognition                              ; Off                ; Off                ;
; Use LogicLock Constraints during Resource Balancing                        ; On                 ; On                 ;
; Ignore translate_off and synthesis_off directives                          ; Off                ; Off                ;
; Timing-Driven Synthesis                                                    ; Off                ; Off                ;
; Report Parameter Settings                                                  ; On                 ; On                 ;
; Report Source Assignments                                                  ; On                 ; On                 ;
; Report Connectivity Checks                                                 ; On                 ; On                 ;
; Ignore Maximum Fan-Out Assignments                                         ; Off                ; Off                ;
; Synchronization Register Chain Length                                      ; 2                  ; 2                  ;
; PowerPlay Power Optimization                                               ; Normal compilation ; Normal compilation ;
; HDL message level                                                          ; Level2             ; Level2             ;
; Suppress Register Optimization Related Messages                            ; Off                ; Off                ;
; Number of Removed Registers Reported in Synthesis Report                   ; 5000               ; 5000               ;
; Number of Swept Nodes Reported in Synthesis Report                         ; 5000               ; 5000               ;
; Number of Inverted Registers Reported in Synthesis Report                  ; 100                ; 100                ;
; Clock MUX Protection                                                       ; On                 ; On                 ;
; Auto Gated Clock Conversion                                                ; Off                ; Off                ;
; Block Design Naming                                                        ; Auto               ; Auto               ;
; SDC constraint protection                                                  ; Off                ; Off                ;
; Synthesis Effort                                                           ; Auto               ; Auto               ;
; Shift Register Replacement - Allow Asynchronous Clear Signal               ; On                 ; On                 ;
; Pre-Mapping Resynthesis Optimization                                       ; Off                ; Off                ;
; Analysis & Synthesis Message Level                                         ; Medium             ; Medium             ;
; Disable Register Merging Across Hierarchies                                ; Auto               ; Auto               ;
; Resource Aware Inference For Block RAM                                     ; On                 ; On                 ;
; Synthesis Seed                                                             ; 1                  ; 1                  ;
+----------------------------------------------------------------------------+--------------------+--------------------+


Parallel compilation was disabled, but you have multiple processors available. Enable parallel compilation to reduce compilation time.
+-------------------------------------+
; Parallel Compilation                ;
+----------------------------+--------+
; Processors                 ; Number ;
+----------------------------+--------+
; Number detected on machine ; 8      ;
; Maximum allowed            ; 1      ;
+----------------------------+--------+


+----------------------------------------------------------------------------------------------------------------------------+
; Analysis & Synthesis Source Files Read                                                                                     ;
+----------------------------------+-----------------+------------------------+------------------------------------+---------+
; File Name with User-Entered Path ; Used in Netlist ; File Type              ; File Name with Absolute Path       ; Library ;
+----------------------------------+-----------------+------------------------+------------------------------------+---------+
; Counter.v                        ; yes             ; User Verilog HDL File  ; D:/Data_pipeline_Beha/Counter.v    ;         ;
; Controller.v                     ; yes             ; User Verilog HDL File  ; D:/Data_pipeline_Beha/Controller.v ;         ;
+----------------------------------+-----------------+------------------------+------------------------------------+---------+


+----------------------------------------------------------------------+
; Analysis & Synthesis Resource Usage Summary                          ;
+---------------------------------------------+------------------------+
; Resource                                    ; Usage                  ;
+---------------------------------------------+------------------------+
; Estimated Total logic elements              ; 40                     ;
;                                             ;                        ;
; Total combinational functions               ; 40                     ;
; Logic element usage by number of LUT inputs ;                        ;
;     -- 4 input functions                    ; 11                     ;
;     -- 3 input functions                    ; 25                     ;
;     -- <=2 input functions                  ; 4                      ;
;                                             ;                        ;
; Logic elements by mode                      ;                        ;
;     -- normal mode                          ; 40                     ;
;     -- arithmetic mode                      ; 0                      ;
;                                             ;                        ;
; Total registers                             ; 4                      ;
;     -- Dedicated logic registers            ; 4                      ;
;     -- I/O registers                        ; 0                      ;
;                                             ;                        ;
; I/O pins                                    ; 28                     ;
; Embedded Multiplier 9-bit elements          ; 0                      ;
; Maximum fan-out node                        ; Counter:counter|out[0] ;
; Maximum fan-out                             ; 21                     ;
; Total fan-out                               ; 164                    ;
; Average fan-out                             ; 2.28                   ;
+---------------------------------------------+------------------------+


+-------------------------------------------------------------------------------------------------------------------------------------------------------------------------------------+
; Analysis & Synthesis Resource Utilization by Entity                                                                                                                                 ;
+----------------------------+-------------------+--------------+-------------+--------------+---------+-----------+------+--------------+-----------------------------+--------------+
; Compilation Hierarchy Node ; LC Combinationals ; LC Registers ; Memory Bits ; DSP Elements ; DSP 9x9 ; DSP 18x18 ; Pins ; Virtual Pins ; Full Hierarchy Name         ; Library Name ;
+----------------------------+-------------------+--------------+-------------+--------------+---------+-----------+------+--------------+-----------------------------+--------------+
; |Controller                ; 40 (34)           ; 4 (0)        ; 0           ; 0            ; 0       ; 0         ; 28   ; 0            ; |Controller                 ; work         ;
;    |Counter:counter|       ; 6 (6)             ; 4 (4)        ; 0           ; 0            ; 0       ; 0         ; 0    ; 0            ; |Controller|Counter:counter ; work         ;
+----------------------------+-------------------+--------------+-------------+--------------+---------+-----------+------+--------------+-----------------------------+--------------+
Note: For table entries with two numbers listed, the numbers in parentheses indicate the number of resources of the given type used by the specific entity alone. The numbers listed outside of parentheses indicate the total resources of the given type used by the specific entity and all of its sub-entities in the hierarchy.


+----------------------------------------------------------------------------------------------------+
; User-Specified and Inferred Latches                                                                ;
+-----------------------------------------------------+---------------------+------------------------+
; Latch Name                                          ; Latch Enable Signal ; Free of Timing Hazards ;
+-----------------------------------------------------+---------------------+------------------------+
; load[0]$latch                                       ; Mux18               ; yes                    ;
; load[1]$latch                                       ; Mux18               ; yes                    ;
; load[2]$latch                                       ; Mux18               ; yes                    ;
; load[3]$latch                                       ; Mux18               ; yes                    ;
; load[4]$latch                                       ; Mux18               ; yes                    ;
; oe[0]$latch                                         ; Mux18               ; yes                    ;
; oe[1]$latch                                         ; Mux18               ; yes                    ;
; oe[2]$latch                                         ; Mux18               ; yes                    ;
; oe[3]$latch                                         ; Mux18               ; yes                    ;
; oe[4]$latch                                         ; Mux18               ; yes                    ;
; oe[5]$latch                                         ; Mux18               ; yes                    ;
; oe[6]$latch                                         ; Mux18               ; yes                    ;
; oe[7]$latch                                         ; Mux18               ; yes                    ;
; oe[8]$latch                                         ; Mux18               ; yes                    ;
; oe[9]$latch                                         ; Mux18               ; yes                    ;
; oe[10]$latch                                        ; Mux18               ; yes                    ;
; oe[11]$latch                                        ; Mux18               ; yes                    ;
; c1[0]$latch                                         ; Mux18               ; yes                    ;
; c1[1]$latch                                         ; Mux18               ; yes                    ;
; c2[0]$latch                                         ; Mux18               ; yes                    ;
; c2[1]$latch                                         ; Mux18               ; yes                    ;
; Number of user-specified and inferred latches = 21  ;                     ;                        ;
+-----------------------------------------------------+---------------------+------------------------+
Note: All latches listed above may not be present at the end of synthesis due to various synthesis optimizations.


+------------------------------------------------------+
; General Register Statistics                          ;
+----------------------------------------------+-------+
; Statistic                                    ; Value ;
+----------------------------------------------+-------+
; Total registers                              ; 4     ;
; Number of registers using Synchronous Clear  ; 0     ;
; Number of registers using Synchronous Load   ; 0     ;
; Number of registers using Asynchronous Clear ; 4     ;
; Number of registers using Asynchronous Load  ; 0     ;
; Number of registers using Clock Enable       ; 0     ;
; Number of registers using Preset             ; 0     ;
+----------------------------------------------+-------+


+--------------------------------------------------------------------------------------------------------------------------------------------------+
; Multiplexer Restructuring Statistics (Restructuring Performed)                                                                                   ;
+--------------------+-----------+---------------+----------------------+------------------------+------------+------------------------------------+
; Multiplexer Inputs ; Bus Width ; Baseline Area ; Area if Restructured ; Saving if Restructured ; Registered ; Example Multiplexer Output         ;
+--------------------+-----------+---------------+----------------------+------------------------+------------+------------------------------------+
; 4:1                ; 4 bits    ; 8 LEs         ; 4 LEs                ; 4 LEs                  ; Yes        ; |Controller|Counter:counter|out[0] ;
+--------------------+-----------+---------------+----------------------+------------------------+------------+------------------------------------+


+-------------------------------+
; Elapsed Time Per Partition    ;
+----------------+--------------+
; Partition Name ; Elapsed Time ;
+----------------+--------------+
; Top            ; 00:00:00     ;
+----------------+--------------+


+-------------------------------+
; Analysis & Synthesis Messages ;
+-------------------------------+
Info: *******************************************************************
Info: Running Quartus II 64-Bit Analysis & Synthesis
    Info: Version 13.0.1 Build 232 06/12/2013 Service Pack 1 SJ Web Edition
    Info: Processing started: Wed Nov 30 11:52:23 2022
Info: Command: quartus_map --read_settings_files=on --write_settings_files=off Data_pipeline_Beha -c Data_pipeline_Beha
Warning (20028): Parallel compilation is not licensed and has been disabled
Info (12021): Found 1 design units, including 1 entities, in source file tri_state.v
    Info (12023): Found entity 1: Tri_State
Info (12021): Found 1 design units, including 1 entities, in source file addsubmax_16bit.v
    Info (12023): Found entity 1: AddSubMax_16bit
Info (12021): Found 1 design units, including 1 entities, in source file shiftr3_16bit.v
    Info (12023): Found entity 1: ShiftR3_16bit
Info (12021): Found 1 design units, including 1 entities, in source file data_pipeline_beha.bdf
    Info (12023): Found entity 1: Data_pipeline_Beha
Info (12021): Found 1 design units, including 1 entities, in source file reg_16bit.v
    Info (12023): Found entity 1: Reg_16bit
Info (12021): Found 1 design units, including 1 entities, in source file shiftr1_16bit.v
    Info (12023): Found entity 1: ShiftR1_16bit
Info (12021): Found 1 design units, including 1 entities, in source file absminmax_16bit.v
    Info (12023): Found entity 1: AbsMinMax_16bit
Info (12021): Found 1 design units, including 1 entities, in source file counter.v
    Info (12023): Found entity 1: Counter
Info (12021): Found 1 design units, including 1 entities, in source file datapath.v
    Info (12023): Found entity 1: Datapath
Info (12021): Found 1 design units, including 1 entities, in source file controller.v
    Info (12023): Found entity 1: Controller
Info (12021): Found 1 design units, including 1 entities, in source file squareroot.v
    Info (12023): Found entity 1: Squareroot
Info (12127): Elaborating entity "Controller" for the top level hierarchy
Warning (10270): Verilog HDL Case Statement warning at Controller.v(34): incomplete case statement has no default case item
Warning (10240): Verilog HDL Always Construct warning at Controller.v(32): inferring latch(es) for variable "load", which holds its previous value in one or more paths through the always construct
Warning (10240): Verilog HDL Always Construct warning at Controller.v(32): inferring latch(es) for variable "c1", which holds its previous value in one or more paths through the always construct
Warning (10240): Verilog HDL Always Construct warning at Controller.v(32): inferring latch(es) for variable "c2", which holds its previous value in one or more paths through the always construct
Warning (10240): Verilog HDL Always Construct warning at Controller.v(32): inferring latch(es) for variable "oe", which holds its previous value in one or more paths through the always construct
Info (10041): Inferred latch for "oe[0]" at Controller.v(32)
Info (10041): Inferred latch for "oe[1]" at Controller.v(32)
Info (10041): Inferred latch for "oe[2]" at Controller.v(32)
Info (10041): Inferred latch for "oe[3]" at Controller.v(32)
Info (10041): Inferred latch for "oe[4]" at Controller.v(32)
Info (10041): Inferred latch for "oe[5]" at Controller.v(32)
Info (10041): Inferred latch for "oe[6]" at Controller.v(32)
Info (10041): Inferred latch for "oe[7]" at Controller.v(32)
Info (10041): Inferred latch for "oe[8]" at Controller.v(32)
Info (10041): Inferred latch for "oe[9]" at Controller.v(32)
Info (10041): Inferred latch for "oe[10]" at Controller.v(32)
Info (10041): Inferred latch for "oe[11]" at Controller.v(32)
Info (10041): Inferred latch for "c2[0]" at Controller.v(32)
Info (10041): Inferred latch for "c2[1]" at Controller.v(32)
Info (10041): Inferred latch for "c1[0]" at Controller.v(32)
Info (10041): Inferred latch for "c1[1]" at Controller.v(32)
Info (10041): Inferred latch for "load[0]" at Controller.v(32)
Info (10041): Inferred latch for "load[1]" at Controller.v(32)
Info (10041): Inferred latch for "load[2]" at Controller.v(32)
Info (10041): Inferred latch for "load[3]" at Controller.v(32)
Info (10041): Inferred latch for "load[4]" at Controller.v(32)
Info (12128): Elaborating entity "Counter" for hierarchy "Counter:counter"
Warning (10230): Verilog HDL assignment warning at Counter.v(11): truncated value with size 32 to match size of target (4)
Warning (10230): Verilog HDL assignment warning at Counter.v(13): truncated value with size 32 to match size of target (4)
Info (13025): Duplicate LATCH primitives merged into single LATCH primitive
    Info (13026): Duplicate LATCH primitive "oe[6]$latch" merged with LATCH primitive "load[3]$latch"
    Info (13026): Duplicate LATCH primitive "oe[3]$latch" merged with LATCH primitive "oe[0]$latch"
    Info (13026): Duplicate LATCH primitive "oe[5]$latch" merged with LATCH primitive "oe[2]$latch"
    Info (13026): Duplicate LATCH primitive "oe[11]$latch" merged with LATCH primitive "oe[9]$latch"
Warning (13012): Latch load[0]$latch has unsafe behavior
    Warning (13013): Ports D and ENA on the latch are fed by the same signal Counter:counter|out[1]
Warning (13012): Latch load[1]$latch has unsafe behavior
    Warning (13013): Ports D and ENA on the latch are fed by the same signal Counter:counter|out[3]
Warning (13012): Latch load[2]$latch has unsafe behavior
    Warning (13013): Ports D and ENA on the latch are fed by the same signal Counter:counter|out[2]
Warning (13012): Latch load[3]$latch has unsafe behavior
    Warning (13013): Ports D and ENA on the latch are fed by the same signal Counter:counter|out[1]
Warning (13012): Latch load[4]$latch has unsafe behavior
    Warning (13013): Ports D and ENA on the latch are fed by the same signal Counter:counter|out[1]
Warning (13012): Latch oe[0]$latch has unsafe behavior
    Warning (13013): Ports D and ENA on the latch are fed by the same signal Counter:counter|out[1]
Warning (13012): Latch oe[1]$latch has unsafe behavior
    Warning (13013): Ports D and ENA on the latch are fed by the same signal Counter:counter|out[1]
Warning (13012): Latch oe[2]$latch has unsafe behavior
    Warning (13013): Ports D and ENA on the latch are fed by the same signal Counter:counter|out[1]
Warning (13012): Latch oe[4]$latch has unsafe behavior
    Warning (13013): Ports D and ENA on the latch are fed by the same signal Counter:counter|out[1]
Warning (13012): Latch oe[7]$latch has unsafe behavior
    Warning (13013): Ports D and ENA on the latch are fed by the same signal Counter:counter|out[2]
Warning (13012): Latch oe[8]$latch has unsafe behavior
    Warning (13013): Ports D and ENA on the latch are fed by the same signal Counter:counter|out[2]
Warning (13012): Latch oe[9]$latch has unsafe behavior
    Warning (13013): Ports D and ENA on the latch are fed by the same signal Counter:counter|out[2]
Warning (13012): Latch oe[10]$latch has unsafe behavior
    Warning (13013): Ports D and ENA on the latch are fed by the same signal Counter:counter|out[3]
Warning (13012): Latch c1[0]$latch has unsafe behavior
    Warning (13013): Ports D and ENA on the latch are fed by the same signal Counter:counter|out[2]
Warning (13012): Latch c1[1]$latch has unsafe behavior
    Warning (13013): Ports D and ENA on the latch are fed by the same signal Counter:counter|out[1]
Warning (13012): Latch c2[0]$latch has unsafe behavior
    Warning (13013): Ports D and ENA on the latch are fed by the same signal Counter:counter|out[2]
Warning (13012): Latch c2[1]$latch has unsafe behavior
    Warning (13013): Ports D and ENA on the latch are fed by the same signal Counter:counter|out[2]
Info (144001): Generated suppressed messages file D:/Data_pipeline_Beha/output_files/Data_pipeline_Beha.map.smsg
Info (16010): Generating hard_block partition "hard_block:auto_generated_inst"
    Info (16011): Adding 0 node(s), including 0 DDIO, 0 PLL, 0 transceiver and 0 LCELL
Info (21057): Implemented 68 device resources after synthesis - the final resource count might be different
    Info (21058): Implemented 3 input pins
    Info (21059): Implemented 25 output pins
    Info (21061): Implemented 40 logic cells
Info: Quartus II 64-Bit Analysis & Synthesis was successful. 0 errors, 42 warnings
    Info: Peak virtual memory: 4598 megabytes
    Info: Processing ended: Wed Nov 30 11:52:26 2022
    Info: Elapsed time: 00:00:03
    Info: Total CPU time (on all processors): 00:00:03


+------------------------------------------+
; Analysis & Synthesis Suppressed Messages ;
+------------------------------------------+
The suppressed messages can be found in D:/Data_pipeline_Beha/output_files/Data_pipeline_Beha.map.smsg.


