Analysis & Elaboration report for TL
Sat Dec 17 23:52:51 2022
Quartus II 64-Bit Version 13.0.1 Build 232 06/12/2013 Service Pack 1 SJ Web Edition


---------------------
; Table of Contents ;
---------------------
  1. Legal Notice
  2. Analysis & Elaboration Summary
  3. Parallel Compilation
  4. Parameter Settings for User Entity Instance: Top-level Entity: |TL
  5. Parameter Settings for User Entity Instance: MUX:MUX
  6. Analysis & Elaboration Settings
  7. Port Connectivity Checks: "MUX:MUX"
  8. Port Connectivity Checks: "Counter16bit:Counter|register16bit:reg16"
  9. Port Connectivity Checks: "FSM:FSM|OutputLogic:OL|register:reg0"
 10. Port Connectivity Checks: "FSM:FSM|StateReg:SR|register:reg2"
 11. Port Connectivity Checks: "FSM:FSM|StateReg:SR|register:reg1"
 12. Port Connectivity Checks: "FSM:FSM|StateReg:SR|register:reg0|REG:reg0"
 13. Port Connectivity Checks: "FSM:FSM|StateReg:SR|register:reg0"
 14. Analysis & Elaboration Messages



----------------
; Legal Notice ;
----------------
Copyright (C) 1991-2013 Altera Corporation
Your use of Altera Corporation's design tools, logic functions 
and other software and tools, and its AMPP partner logic 
functions, and any output files from any of the foregoing 
(including device programming or simulation files), and any 
associated documentation or information are expressly subject 
to the terms and conditions of the Altera Program License 
Subscription Agreement, Altera MegaCore Function License 
Agreement, or other applicable license agreement, including, 
without limitation, that your use is for the sole purpose of 
programming logic devices manufactured by Altera and sold by 
Altera or its authorized distributors.  Please refer to the 
applicable agreement for further details.



+--------------------------------------------------------------------------------------+
; Analysis & Elaboration Summary                                                       ;
+------------------------------------+-------------------------------------------------+
; Analysis & Elaboration Status      ; Successful - Sat Dec 17 23:52:51 2022           ;
; Quartus II 64-Bit Version          ; 13.0.1 Build 232 06/12/2013 SP 1 SJ Web Edition ;
; Revision Name                      ; TL                                              ;
; Top-level Entity Name              ; TL                                              ;
; Family                             ; Cyclone II                                      ;
; Total logic elements               ; N/A until Partition Merge                       ;
;     Total combinational functions  ; N/A until Partition Merge                       ;
;     Dedicated logic registers      ; N/A until Partition Merge                       ;
; Total registers                    ; N/A until Partition Merge                       ;
; Total pins                         ; N/A until Partition Merge                       ;
; Total virtual pins                 ; N/A until Partition Merge                       ;
; Total memory bits                  ; N/A until Partition Merge                       ;
; Embedded Multiplier 9-bit elements ; N/A until Partition Merge                       ;
; Total PLLs                         ; N/A until Partition Merge                       ;
+------------------------------------+-------------------------------------------------+


Parallel compilation was disabled, but you have multiple processors available. Enable parallel compilation to reduce compilation time.
+-------------------------------------+
; Parallel Compilation                ;
+----------------------------+--------+
; Processors                 ; Number ;
+----------------------------+--------+
; Number detected on machine ; 8      ;
; Maximum allowed            ; 1      ;
+----------------------------+--------+


+--------------------------------------------------------------------+
; Parameter Settings for User Entity Instance: Top-level Entity: |TL ;
+----------------+------------------+--------------------------------+
; Parameter Name ; Value            ; Type                           ;
+----------------+------------------+--------------------------------+
; delay1s        ; 0000000000000011 ; Unsigned Binary                ;
; delay5s        ; 0000000000010111 ; Unsigned Binary                ;
+----------------+------------------+--------------------------------+
Note: In order to hide this table in the UI and the text report file, please set the "Show Parameter Settings in Synthesis Report" option in "Analysis and Synthesis Settings -> More Settings" to "Off".


+------------------------------------------------------+
; Parameter Settings for User Entity Instance: MUX:MUX ;
+----------------+-------+-----------------------------+
; Parameter Name ; Value ; Type                        ;
+----------------+-------+-----------------------------+
; n              ; 16    ; Signed Integer              ;
+----------------+-------+-----------------------------+
Note: In order to hide this table in the UI and the text report file, please set the "Show Parameter Settings in Synthesis Report" option in "Analysis and Synthesis Settings -> More Settings" to "Off".


+----------------------------------------------------------------------------------------------------------------------+
; Analysis & Elaboration Settings                                                                                      ;
+----------------------------------------------------------------------------+--------------------+--------------------+
; Option                                                                     ; Setting            ; Default Value      ;
+----------------------------------------------------------------------------+--------------------+--------------------+
; Device                                                                     ; EP2C35F672C6       ;                    ;
; Top-level entity name                                                      ; TL                 ; TL                 ;
; Family name                                                                ; Cyclone II         ; Cyclone IV GX      ;
; Use smart compilation                                                      ; Off                ; Off                ;
; Enable parallel Assembler and TimeQuest Timing Analyzer during compilation ; On                 ; On                 ;
; Enable compact report table                                                ; Off                ; Off                ;
; Restructure Multiplexers                                                   ; Auto               ; Auto               ;
; Create Debugging Nodes for IP Cores                                        ; Off                ; Off                ;
; Preserve fewer node names                                                  ; On                 ; On                 ;
; Disable OpenCore Plus hardware evaluation                                  ; Off                ; Off                ;
; Verilog Version                                                            ; Verilog_2001       ; Verilog_2001       ;
; VHDL Version                                                               ; VHDL_1993          ; VHDL_1993          ;
; State Machine Processing                                                   ; Auto               ; Auto               ;
; Safe State Machine                                                         ; Off                ; Off                ;
; Extract Verilog State Machines                                             ; On                 ; On                 ;
; Extract VHDL State Machines                                                ; On                 ; On                 ;
; Ignore Verilog initial constructs                                          ; Off                ; Off                ;
; Iteration limit for constant Verilog loops                                 ; 5000               ; 5000               ;
; Iteration limit for non-constant Verilog loops                             ; 250                ; 250                ;
; Add Pass-Through Logic to Inferred RAMs                                    ; On                 ; On                 ;
; Infer RAMs from Raw Logic                                                  ; On                 ; On                 ;
; Parallel Synthesis                                                         ; On                 ; On                 ;
; DSP Block Balancing                                                        ; Auto               ; Auto               ;
; NOT Gate Push-Back                                                         ; On                 ; On                 ;
; Power-Up Don't Care                                                        ; On                 ; On                 ;
; Remove Redundant Logic Cells                                               ; Off                ; Off                ;
; Remove Duplicate Registers                                                 ; On                 ; On                 ;
; Ignore CARRY Buffers                                                       ; Off                ; Off                ;
; Ignore CASCADE Buffers                                                     ; Off                ; Off                ;
; Ignore GLOBAL Buffers                                                      ; Off                ; Off                ;
; Ignore ROW GLOBAL Buffers                                                  ; Off                ; Off                ;
; Ignore LCELL Buffers                                                       ; Off                ; Off                ;
; Ignore SOFT Buffers                                                        ; On                 ; On                 ;
; Limit AHDL Integers to 32 Bits                                             ; Off                ; Off                ;
; Optimization Technique                                                     ; Balanced           ; Balanced           ;
; Carry Chain Length                                                         ; 70                 ; 70                 ;
; Auto Carry Chains                                                          ; On                 ; On                 ;
; Auto Open-Drain Pins                                                       ; On                 ; On                 ;
; Perform WYSIWYG Primitive Resynthesis                                      ; Off                ; Off                ;
; Auto ROM Replacement                                                       ; On                 ; On                 ;
; Auto RAM Replacement                                                       ; On                 ; On                 ;
; Auto Shift Register Replacement                                            ; Auto               ; Auto               ;
; Allow Shift Register Merging across Hierarchies                            ; Auto               ; Auto               ;
; Auto Clock Enable Replacement                                              ; On                 ; On                 ;
; Strict RAM Replacement                                                     ; Off                ; Off                ;
; Allow Synchronous Control Signals                                          ; On                 ; On                 ;
; Force Use of Synchronous Clear Signals                                     ; Off                ; Off                ;
; Auto RAM to Logic Cell Conversion                                          ; Off                ; Off                ;
; Auto Resource Sharing                                                      ; Off                ; Off                ;
; Allow Any RAM Size For Recognition                                         ; Off                ; Off                ;
; Allow Any ROM Size For Recognition                                         ; Off                ; Off                ;
; Allow Any Shift Register Size For Recognition                              ; Off                ; Off                ;
; Use LogicLock Constraints during Resource Balancing                        ; On                 ; On                 ;
; Ignore translate_off and synthesis_off directives                          ; Off                ; Off                ;
; Timing-Driven Synthesis                                                    ; Off                ; Off                ;
; Report Parameter Settings                                                  ; On                 ; On                 ;
; Report Source Assignments                                                  ; On                 ; On                 ;
; Report Connectivity Checks                                                 ; On                 ; On                 ;
; Ignore Maximum Fan-Out Assignments                                         ; Off                ; Off                ;
; Synchronization Register Chain Length                                      ; 2                  ; 2                  ;
; PowerPlay Power Optimization                                               ; Normal compilation ; Normal compilation ;
; HDL message level                                                          ; Level2             ; Level2             ;
; Suppress Register Optimization Related Messages                            ; Off                ; Off                ;
; Number of Removed Registers Reported in Synthesis Report                   ; 5000               ; 5000               ;
; Number of Swept Nodes Reported in Synthesis Report                         ; 5000               ; 5000               ;
; Number of Inverted Registers Reported in Synthesis Report                  ; 100                ; 100                ;
; Clock MUX Protection                                                       ; On                 ; On                 ;
; Auto Gated Clock Conversion                                                ; Off                ; Off                ;
; Block Design Naming                                                        ; Auto               ; Auto               ;
; SDC constraint protection                                                  ; Off                ; Off                ;
; Synthesis Effort                                                           ; Auto               ; Auto               ;
; Shift Register Replacement - Allow Asynchronous Clear Signal               ; On                 ; On                 ;
; Pre-Mapping Resynthesis Optimization                                       ; Off                ; Off                ;
; Analysis & Synthesis Message Level                                         ; Medium             ; Medium             ;
; Disable Register Merging Across Hierarchies                                ; Auto               ; Auto               ;
; Resource Aware Inference For Block RAM                                     ; On                 ; On                 ;
; Synthesis Seed                                                             ; 1                  ; 1                  ;
+----------------------------------------------------------------------------+--------------------+--------------------+


+--------------------------------------------+
; Port Connectivity Checks: "MUX:MUX"        ;
+----------+-------+----------+--------------+
; Port     ; Type  ; Severity ; Details      ;
+----------+-------+----------+--------------+
; A[1..0]  ; Input ; Info     ; Stuck at VCC ;
; A[15..2] ; Input ; Info     ; Stuck at GND ;
; B[2..0]  ; Input ; Info     ; Stuck at VCC ;
; B[15..5] ; Input ; Info     ; Stuck at GND ;
; B[4]     ; Input ; Info     ; Stuck at VCC ;
; B[3]     ; Input ; Info     ; Stuck at GND ;
+----------+-------+----------+--------------+


+----------------------------------------------------------------------+
; Port Connectivity Checks: "Counter16bit:Counter|register16bit:reg16" ;
+------+-------+----------+--------------------------------------------+
; Port ; Type  ; Severity ; Details                                    ;
+------+-------+----------+--------------------------------------------+
; LOAD ; Input ; Info     ; Stuck at VCC                               ;
+------+-------+----------+--------------------------------------------+


+------------------------------------------------------------------+
; Port Connectivity Checks: "FSM:FSM|OutputLogic:OL|register:reg0" ;
+------+-------+----------+----------------------------------------+
; Port ; Type  ; Severity ; Details                                ;
+------+-------+----------+----------------------------------------+
; LOAD ; Input ; Info     ; Stuck at VCC                           ;
+------+-------+----------+----------------------------------------+


+---------------------------------------------------------------+
; Port Connectivity Checks: "FSM:FSM|StateReg:SR|register:reg2" ;
+------+-------+----------+-------------------------------------+
; Port ; Type  ; Severity ; Details                             ;
+------+-------+----------+-------------------------------------+
; LOAD ; Input ; Info     ; Stuck at VCC                        ;
+------+-------+----------+-------------------------------------+


+---------------------------------------------------------------+
; Port Connectivity Checks: "FSM:FSM|StateReg:SR|register:reg1" ;
+------+-------+----------+-------------------------------------+
; Port ; Type  ; Severity ; Details                             ;
+------+-------+----------+-------------------------------------+
; LOAD ; Input ; Info     ; Stuck at VCC                        ;
+------+-------+----------+-------------------------------------+


+------------------------------------------------------------------------+
; Port Connectivity Checks: "FSM:FSM|StateReg:SR|register:reg0|REG:reg0" ;
+------+-------+----------+----------------------------------------------+
; Port ; Type  ; Severity ; Details                                      ;
+------+-------+----------+----------------------------------------------+
; SET  ; Input ; Info     ; Stuck at GND                                 ;
+------+-------+----------+----------------------------------------------+


+---------------------------------------------------------------+
; Port Connectivity Checks: "FSM:FSM|StateReg:SR|register:reg0" ;
+------+-------+----------+-------------------------------------+
; Port ; Type  ; Severity ; Details                             ;
+------+-------+----------+-------------------------------------+
; LOAD ; Input ; Info     ; Stuck at VCC                        ;
+------+-------+----------+-------------------------------------+


+---------------------------------+
; Analysis & Elaboration Messages ;
+---------------------------------+
Info: *******************************************************************
Info: Running Quartus II 64-Bit Analysis & Elaboration
    Info: Version 13.0.1 Build 232 06/12/2013 Service Pack 1 SJ Web Edition
    Info: Processing started: Sat Dec 17 23:52:51 2022
Info: Command: quartus_map --read_settings_files=on --write_settings_files=off TL -c TL --analysis_and_elaboration
Warning (20028): Parallel compilation is not licensed and has been disabled
Info (12021): Found 1 design units, including 1 entities, in source file tl.v
    Info (12023): Found entity 1: TL
Info (12021): Found 1 design units, including 1 entities, in source file reg.v
    Info (12023): Found entity 1: REG
Info (12021): Found 1 design units, including 1 entities, in source file register.v
    Info (12023): Found entity 1: register
Info (12021): Found 1 design units, including 1 entities, in source file statereg.v
    Info (12023): Found entity 1: StateReg
Info (12021): Found 1 design units, including 1 entities, in source file nextstatelogic.v
    Info (12023): Found entity 1: NextStateLogic
Info (12021): Found 1 design units, including 1 entities, in source file outputlogic.v
    Info (12023): Found entity 1: OutputLogic
Info (12021): Found 1 design units, including 1 entities, in source file fsm.v
    Info (12023): Found entity 1: FSM
Info (12021): Found 1 design units, including 1 entities, in source file counter16bit.v
    Info (12023): Found entity 1: Counter16bit
Info (12021): Found 1 design units, including 1 entities, in source file register16bit.v
    Info (12023): Found entity 1: register16bit
Warning (12090): Entity "MUX" obtained from "MUX.v" instead of from Quartus II megafunction library
Info (12021): Found 1 design units, including 1 entities, in source file mux.v
    Info (12023): Found entity 1: MUX
Info (12021): Found 1 design units, including 1 entities, in source file compare.v
    Info (12023): Found entity 1: Compare
Info (12127): Elaborating entity "TL" for the top level hierarchy
Info (12128): Elaborating entity "FSM" for hierarchy "FSM:FSM"
Info (12128): Elaborating entity "NextStateLogic" for hierarchy "FSM:FSM|NextStateLogic:NSL"
Info (12128): Elaborating entity "StateReg" for hierarchy "FSM:FSM|StateReg:SR"
Info (12128): Elaborating entity "register" for hierarchy "FSM:FSM|StateReg:SR|register:reg0"
Info (12128): Elaborating entity "REG" for hierarchy "FSM:FSM|StateReg:SR|register:reg0|REG:reg0"
Info (12128): Elaborating entity "OutputLogic" for hierarchy "FSM:FSM|OutputLogic:OL"
Info (12128): Elaborating entity "Counter16bit" for hierarchy "Counter16bit:Counter"
Info (12128): Elaborating entity "register16bit" for hierarchy "Counter16bit:Counter|register16bit:reg16"
Info (12128): Elaborating entity "Compare" for hierarchy "Compare:Compare"
Info (12128): Elaborating entity "MUX" for hierarchy "MUX:MUX"
Info: Quartus II 64-Bit Analysis & Elaboration was successful. 0 errors, 2 warnings
    Info: Peak virtual memory: 4571 megabytes
    Info: Processing ended: Sat Dec 17 23:52:51 2022
    Info: Elapsed time: 00:00:00
    Info: Total CPU time (on all processors): 00:00:01


