#! /mingw64/bin/vvp
:ivl_version "12.0 (devel)" "(s20150603-1391-gd480c4d7d)";
:ivl_delay_selection "TYPICAL";
:vpi_time_precision + 0;
:vpi_module "C:\msys64\mingw64\lib\ivl\system.vpi";
:vpi_module "C:\msys64\mingw64\lib\ivl\vhdl_sys.vpi";
:vpi_module "C:\msys64\mingw64\lib\ivl\vhdl_textio.vpi";
:vpi_module "C:\msys64\mingw64\lib\ivl\v2005_math.vpi";
:vpi_module "C:\msys64\mingw64\lib\ivl\va_math.vpi";
S_0000022ff8f4ea90 .scope module, "datapath" "datapath" 2 2;
 .timescale 0 0;
    .port_info 0 /INPUT 32 "code";
    .port_info 1 /INPUT 1 "clk";
v0000022ff8f94400_0 .net "ALUControl", 3 0, v0000022ff8f629c0_0;  1 drivers
v0000022ff8f944a0_0 .net "ALUOp", 1 0, v0000022ff8f62a60_0;  1 drivers
v0000022ff8f94540_0 .net "ALUSrc", 0 0, v0000022ff8f62b00_0;  1 drivers
v0000022ff8f945e0_0 .net "MemRead", 0 0, v0000022ff8f62ba0_0;  1 drivers
v0000022ff8fdd340_0 .net "MemToReg", 0 0, v0000022ff8f62c40_0;  1 drivers
v0000022ff8fdd020_0 .net "MemWrite", 0 0, v0000022ff8f62ce0_0;  1 drivers
v0000022ff8fddde0_0 .net "RegDst", 0 0, v0000022ff8f94230_0;  1 drivers
v0000022ff8fdd7a0_0 .net "RegWrite", 0 0, v0000022ff8f942d0_0;  1 drivers
o0000022ff8f9a2a8 .functor BUFZ 1, C4<z>; HiZ drive
v0000022ff8fddb60_0 .net "clk", 0 0, o0000022ff8f9a2a8;  0 drivers
o0000022ff8f9a2d8 .functor BUFZ 32, C4<zzzzzzzzzzzzzzzzzzzzzzzzzzzzzzzz>; HiZ drive
v0000022ff8fdd5c0_0 .net "code", 31 0, o0000022ff8f9a2d8;  0 drivers
L_0000022ff8fdd480 .part o0000022ff8f9a2d8, 26, 6;
S_0000022ff8f4ec20 .scope module, "control" "control_unit" 2 10, 3 1 0, S_0000022ff8f4ea90;
 .timescale 0 0;
    .port_info 0 /OUTPUT 1 "RegDst";
    .port_info 1 /OUTPUT 1 "MemRead";
    .port_info 2 /OUTPUT 1 "MemWrite";
    .port_info 3 /OUTPUT 1 "MemToReg";
    .port_info 4 /OUTPUT 2 "ALUOp";
    .port_info 5 /OUTPUT 1 "ALUSrc";
    .port_info 6 /OUTPUT 4 "ALUControl";
    .port_info 7 /OUTPUT 1 "RegWrite";
    .port_info 8 /INPUT 6 "Opcode";
v0000022ff8f629c0_0 .var "ALUControl", 3 0;
v0000022ff8f62a60_0 .var "ALUOp", 1 0;
v0000022ff8f62b00_0 .var "ALUSrc", 0 0;
v0000022ff8f62ba0_0 .var "MemRead", 0 0;
v0000022ff8f62c40_0 .var "MemToReg", 0 0;
v0000022ff8f62ce0_0 .var "MemWrite", 0 0;
v0000022ff8f62d80_0 .net "Opcode", 5 0, L_0000022ff8fdd480;  1 drivers
v0000022ff8f94230_0 .var "RegDst", 0 0;
v0000022ff8f942d0_0 .var "RegWrite", 0 0;
E_0000022ff8f489a0 .event anyedge, v0000022ff8f62d80_0;
    .scope S_0000022ff8f4ec20;
T_0 ;
    %wait E_0000022ff8f489a0;
    %load/vec4 v0000022ff8f62d80_0;
    %dup/vec4;
    %pushi/vec4 1, 0, 6;
    %cmp/u;
    %jmp/1 T_0.0, 6;
    %dup/vec4;
    %pushi/vec4 2, 0, 6;
    %cmp/u;
    %jmp/1 T_0.1, 6;
    %dup/vec4;
    %pushi/vec4 4, 0, 6;
    %cmp/u;
    %jmp/1 T_0.2, 6;
    %jmp T_0.4;
T_0.0 ;
    %pushi/vec4 2, 0, 2;
    %store/vec4 v0000022ff8f62a60_0, 0, 2;
    %pushi/vec4 5, 0, 4;
    %store/vec4 v0000022ff8f629c0_0, 0, 4;
    %jmp T_0.4;
T_0.1 ;
    %pushi/vec4 0, 0, 2;
    %store/vec4 v0000022ff8f62a60_0, 0, 2;
    %pushi/vec4 5, 0, 4;
    %store/vec4 v0000022ff8f629c0_0, 0, 4;
    %jmp T_0.4;
T_0.2 ;
    %pushi/vec4 0, 0, 2;
    %store/vec4 v0000022ff8f62a60_0, 0, 2;
    %pushi/vec4 5, 0, 4;
    %store/vec4 v0000022ff8f629c0_0, 0, 4;
    %jmp T_0.4;
T_0.4 ;
    %pop/vec4 1;
    %jmp T_0;
    .thread T_0, $push;
# The file index is used to find the file name in the following table.
:file_names 4;
    "N/A";
    "<interactive>";
    "datapath.v";
    "./control_unit.v";
